OpenROAD v2.0-14511-gedb4e7e37 
Features included (+) or not (-): +Charts +GPU +GUI +Python
This program is licensed under the BSD-3 license. See the LICENSE file for details.
Components of this program may be licensed under more restrictive licenses which must be honored.
[WARNING DPL-0038] No 1-site fill cells detected.  To remove 1-site gaps use the -disallow_one_site_gaps flag.
Placement Analysis
---------------------------------
total displacement     201264.7 u
average displacement        3.0 u
max displacement           19.5 u
original HPWL         1740077.8 u
legalized HPWL        1921637.1 u
delta HPWL                   10 %

Detailed placement improvement.
Importing netlist into detailed improver.
[INFO DPO-0100] Creating network with 66264 cells, 47 terminals, 73820 edges, 220331 pins, and 0 blockages.
[INFO DPO-0109] Network stats: inst 66311, edges 73820, pins 220331
[INFO DPO-0110] Number of regions is 1
[INFO DPO-0401] Setting random seed to 1.
[INFO DPO-0402] Setting maximum displacement 5 1 to 18900 3780 units.
[INFO DPO-0320] Collected 47 fixed cells.
[INFO DPO-0318] Collected 66264 single height cells.
[INFO DPO-0321] Collected 0 wide cells.
[INFO DPO-0322] Image (1440, 3780) - (1455840, 1455300)
[INFO DPO-0310] Assigned 66264 cells into segments.  Movement in X-direction is 0.000000, movement in Y-direction is 0.000000.
[INFO DPO-0313] Found 0 cells in wrong regions.
[INFO DPO-0315] Found 0 row alignment problems.
[INFO DPO-0314] Found 0 site alignment problems.
[INFO DPO-0311] Found 0 overlaps between adjacent cells.
[INFO DPO-0312] Found 0 edge spacing violations and 0 padding violations.
[INFO DPO-0303] Running algorithm for independent set matching.
[INFO DPO-0300] Set matching objective is wirelength.
[INFO DPO-0301] Pass   1 of matching; objective is 1.936043e+09.
[INFO DPO-0302] End of matching; objective is 1.933158e+09, improvement is 0.15 percent.
[INFO DPO-0303] Running algorithm for global swaps.
[INFO DPO-0306] Pass   1 of global swaps; hpwl is 1.893912e+09.
[INFO DPO-0306] Pass   2 of global swaps; hpwl is 1.885877e+09.
[INFO DPO-0307] End of global swaps; objective is 1.885877e+09, improvement is 2.45 percent.
[INFO DPO-0303] Running algorithm for vertical swaps.
[INFO DPO-0308] Pass   1 of vertical swaps; hpwl is 1.878636e+09.
[INFO DPO-0309] End of vertical swaps; objective is 1.878636e+09, improvement is 0.38 percent.
[INFO DPO-0303] Running algorithm for reordering.
[INFO DPO-0304] Pass   1 of reordering; objective is 1.865878e+09.
[INFO DPO-0305] End of reordering; objective is 1.865878e+09, improvement is 0.68 percent.
[INFO DPO-0303] Running algorithm for random improvement.
[INFO DPO-0324] Random improver is using displacement generator.
[INFO DPO-0325] Random improver is using hpwl objective.
[INFO DPO-0326] Random improver cost string is (a).
[INFO DPO-0332] End of pass, Generator displacement called 1325280 times.
[INFO DPO-0335] Generator displacement, Cumulative attempts 1325280, swaps 257030, moves 236966 since last reset.
[INFO DPO-0333] End of pass, Objective hpwl, Initial cost 1.855425e+09, Scratch cost 1.832087e+09, Incremental cost 1.832087e+09, Mismatch? N
[INFO DPO-0338] End of pass, Total cost is 1.832087e+09.
[INFO DPO-0327] Pass   1 of random improver; improvement in cost is 1.26 percent.
[INFO DPO-0332] End of pass, Generator displacement called 1325280 times.
[INFO DPO-0335] Generator displacement, Cumulative attempts 2650560, swaps 505082, moves 476176 since last reset.
[INFO DPO-0333] End of pass, Objective hpwl, Initial cost 1.832087e+09, Scratch cost 1.823767e+09, Incremental cost 1.823767e+09, Mismatch? N
[INFO DPO-0338] End of pass, Total cost is 1.823767e+09.
[INFO DPO-0327] Pass   2 of random improver; improvement in cost is 0.45 percent.
[INFO DPO-0328] End of random improver; improvement is 1.706249 percent.
[INFO DPO-0380] Cell flipping.
[INFO DPO-0382] Changed 33173 cell orientations for row compatibility.
[INFO DPO-0383] Performed 21488 cell flips.
[INFO DPO-0384] End of flipping; objective is 1.807890e+09, improvement is 1.44 percent.
[INFO DPO-0313] Found 0 cells in wrong regions.
[INFO DPO-0315] Found 0 row alignment problems.
[INFO DPO-0314] Found 0 site alignment problems.
[INFO DPO-0311] Found 0 overlaps between adjacent cells.
[INFO DPO-0312] Found 0 edge spacing violations and 0 padding violations.
Detailed Improvement Results
------------------------------------------
Original HPWL          1921637.1 u
Final HPWL             1793737.0 u
Delta HPWL                  -6.7 %

[INFO DPL-0020] Mirrored 3590 instances
[INFO DPL-0021] HPWL before          1793737.0 u
[INFO DPL-0022] HPWL after           1793053.5 u
[INFO DPL-0023] HPWL delta               -0.0 %
[INFO FLW-0012] Placement violations .
Report metrics stage 3, detailed place...
Warning: There are 200 unclocked register/latch pins.
Warning: There are 203 unconstrained endpoints.

==========================================================================
detailed place report_design_area
--------------------------------------------------------------------------
Design area 905567 u^2 43% utilization.
Elapsed time: 1:53.99[h:]min:sec. CPU time: user 109.61 sys 0.44 (96%). Peak memory: 443132KB.
