OpenROAD v2.0-14511-gedb4e7e37 
Features included (+) or not (-): +Charts +GPU +GUI +Python
This program is licensed under the BSD-3 license. See the LICENSE file for details.
Components of this program may be licensed under more restrictive licenses which must be honored.
global_route -guide_file /work/results/ihp-sg13g2/tt-muxperiment/base/route.guide -congestion_report_file /work/reports/ihp-sg13g2/tt-muxperiment/base/congestion.rpt -congestion_iterations 30 -congestion_report_iter_step 5 -verbose
[INFO GRT-0020] Min routing layer: Metal2
[INFO GRT-0021] Max routing layer: Metal5
[INFO GRT-0022] Global adjustment: 0%
[INFO GRT-0023] Grid origin: (0, 0)
[INFO GRT-0043] No OR_DEFAULT vias defined.
[INFO GRT-0088] Layer Metal1  Track-Pitch = 0.4800  line-2-Via Pitch: 0.3650
[INFO GRT-0088] Layer Metal2  Track-Pitch = 0.4200  line-2-Via Pitch: 0.4100
[INFO GRT-0088] Layer Metal3  Track-Pitch = 0.4800  line-2-Via Pitch: 0.4100
[INFO GRT-0088] Layer Metal4  Track-Pitch = 0.4200  line-2-Via Pitch: 0.4100
[INFO GRT-0088] Layer Metal5  Track-Pitch = 3.4800  line-2-Via Pitch: 0.4100
[INFO GRT-0019] Found 2209 clock nets.
[INFO GRT-0001] Minimum degree: 2
[INFO GRT-0002] Maximum degree: 27
[INFO GRT-0003] Macros: 0
[WARNING GRT-0041] Net VSS has wires/vias outside die area.
[WARNING GRT-0041] Net VSS has wires/vias outside die area.
[WARNING GRT-0041] Net VSS has wires/vias outside die area.
[WARNING GRT-0041] Net VSS has wires/vias outside die area.
[WARNING GRT-0041] Net VSS has wires/vias outside die area.
[WARNING GRT-0041] Net VSS has wires/vias outside die area.
[WARNING GRT-0041] Net VSS has wires/vias outside die area.
[WARNING GRT-0041] Net VSS has wires/vias outside die area.
[WARNING GRT-0041] Net VSS has wires/vias outside die area.
[WARNING GRT-0041] Net VSS has wires/vias outside die area.
[WARNING GRT-0041] Net VSS has wires/vias outside die area.
[WARNING GRT-0041] Net VSS has wires/vias outside die area.
[WARNING GRT-0041] Net VSS has wires/vias outside die area.
[WARNING GRT-0041] Net VSS has wires/vias outside die area.
[WARNING GRT-0041] Net VSS has wires/vias outside die area.
[WARNING GRT-0041] Net VSS has wires/vias outside die area.
[WARNING GRT-0041] Net VSS has wires/vias outside die area.
[WARNING GRT-0041] Net VSS has wires/vias outside die area.
[WARNING GRT-0041] Net VSS has wires/vias outside die area.
[WARNING GRT-0041] Net VSS has wires/vias outside die area.
[WARNING GRT-0041] Net VSS has wires/vias outside die area.
[WARNING GRT-0041] Net VSS has wires/vias outside die area.
[WARNING GRT-0041] Net VSS has wires/vias outside die area.
[WARNING GRT-0041] Net VSS has wires/vias outside die area.
[WARNING GRT-0041] Net VSS has wires/vias outside die area.
[WARNING GRT-0041] Net VSS has wires/vias outside die area.
[WARNING GRT-0041] Net VSS has wires/vias outside die area.
[WARNING GRT-0041] Net VSS has wires/vias outside die area.
[WARNING GRT-0041] Net VSS has wires/vias outside die area.
[WARNING GRT-0041] Net VSS has wires/vias outside die area.
[WARNING GRT-0041] Net VSS has wires/vias outside die area.
[WARNING GRT-0041] Net VSS has wires/vias outside die area.
[WARNING GRT-0041] Net VSS has wires/vias outside die area.
[WARNING GRT-0041] Net VSS has wires/vias outside die area.
[WARNING GRT-0041] Net VSS has wires/vias outside die area.
[WARNING GRT-0041] Net VSS has wires/vias outside die area.
[WARNING GRT-0041] Net VSS has wires/vias outside die area.
[WARNING GRT-0041] Net VSS has wires/vias outside die area.
[WARNING GRT-0041] Net VSS has wires/vias outside die area.
[WARNING GRT-0041] Net VSS has wires/vias outside die area.
[WARNING GRT-0041] Net VSS has wires/vias outside die area.
[WARNING GRT-0041] Net VSS has wires/vias outside die area.
[WARNING GRT-0041] Net VSS has wires/vias outside die area.
[WARNING GRT-0041] Net VSS has wires/vias outside die area.
[WARNING GRT-0041] Net VSS has wires/vias outside die area.
[WARNING GRT-0041] Net VSS has wires/vias outside die area.
[WARNING GRT-0041] Net VSS has wires/vias outside die area.
[WARNING GRT-0041] Net VSS has wires/vias outside die area.
[WARNING GRT-0041] Net VSS has wires/vias outside die area.
[WARNING GRT-0041] Net VSS has wires/vias outside die area.
[WARNING GRT-0041] Net VSS has wires/vias outside die area.
[WARNING GRT-0041] Net VSS has wires/vias outside die area.
[WARNING GRT-0041] Net VSS has wires/vias outside die area.
[WARNING GRT-0041] Net VSS has wires/vias outside die area.
[WARNING GRT-0041] Net VSS has wires/vias outside die area.
[WARNING GRT-0041] Net VSS has wires/vias outside die area.
[WARNING GRT-0041] Net VSS has wires/vias outside die area.
[WARNING GRT-0041] Net VSS has wires/vias outside die area.
[WARNING GRT-0041] Net VSS has wires/vias outside die area.
[WARNING GRT-0041] Net VSS has wires/vias outside die area.
[WARNING GRT-0041] Net VSS has wires/vias outside die area.
[WARNING GRT-0041] Net VSS has wires/vias outside die area.
[WARNING GRT-0041] Net VSS has wires/vias outside die area.
[WARNING GRT-0041] Net VSS has wires/vias outside die area.
[WARNING GRT-0041] Net VSS has wires/vias outside die area.
[WARNING GRT-0041] Net VSS has wires/vias outside die area.
[WARNING GRT-0041] Net VSS has wires/vias outside die area.
[WARNING GRT-0041] Net VSS has wires/vias outside die area.
[WARNING GRT-0041] Net VSS has wires/vias outside die area.
[WARNING GRT-0041] Net VSS has wires/vias outside die area.
[WARNING GRT-0041] Net VSS has wires/vias outside die area.
[WARNING GRT-0041] Net VSS has wires/vias outside die area.
[WARNING GRT-0041] Net VSS has wires/vias outside die area.
[WARNING GRT-0041] Net VSS has wires/vias outside die area.
[WARNING GRT-0041] Net VSS has wires/vias outside die area.
[WARNING GRT-0041] Net VSS has wires/vias outside die area.
[WARNING GRT-0041] Net VSS has wires/vias outside die area.
[WARNING GRT-0041] Net VSS has wires/vias outside die area.
[WARNING GRT-0041] Net VSS has wires/vias outside die area.
[WARNING GRT-0041] Net VSS has wires/vias outside die area.
[WARNING GRT-0041] Net VSS has wires/vias outside die area.
[WARNING GRT-0041] Net VSS has wires/vias outside die area.
[WARNING GRT-0041] Net VSS has wires/vias outside die area.
[WARNING GRT-0041] Net VSS has wires/vias outside die area.
[WARNING GRT-0041] Net VSS has wires/vias outside die area.
[WARNING GRT-0041] Net VSS has wires/vias outside die area.
[WARNING GRT-0041] Net VSS has wires/vias outside die area.
[WARNING GRT-0041] Net VSS has wires/vias outside die area.
[WARNING GRT-0041] Net VSS has wires/vias outside die area.
[WARNING GRT-0041] Net VSS has wires/vias outside die area.
[WARNING GRT-0041] Net VSS has wires/vias outside die area.
[WARNING GRT-0041] Net VSS has wires/vias outside die area.
[WARNING GRT-0041] Net VSS has wires/vias outside die area.
[WARNING GRT-0041] Net VSS has wires/vias outside die area.
[WARNING GRT-0041] Net VSS has wires/vias outside die area.
[WARNING GRT-0041] Net VSS has wires/vias outside die area.
[WARNING GRT-0041] Net VSS has wires/vias outside die area.
[WARNING GRT-0041] Net VSS has wires/vias outside die area.
[WARNING GRT-0041] Net VSS has wires/vias outside die area.
[WARNING GRT-0041] Net VSS has wires/vias outside die area.
[WARNING GRT-0041] Net VSS has wires/vias outside die area.
[WARNING GRT-0041] Net VSS has wires/vias outside die area.
[WARNING GRT-0041] Net VSS has wires/vias outside die area.
[WARNING GRT-0041] Net VSS has wires/vias outside die area.
[WARNING GRT-0041] Net VSS has wires/vias outside die area.
[WARNING GRT-0041] Net VSS has wires/vias outside die area.
[WARNING GRT-0041] Net VSS has wires/vias outside die area.
[WARNING GRT-0041] Net VSS has wires/vias outside die area.
[WARNING GRT-0041] Net VSS has wires/vias outside die area.
[WARNING GRT-0041] Net VSS has wires/vias outside die area.
[WARNING GRT-0041] Net VSS has wires/vias outside die area.
[WARNING GRT-0041] Net VSS has wires/vias outside die area.
[WARNING GRT-0041] Net VSS has wires/vias outside die area.
[WARNING GRT-0041] Net VSS has wires/vias outside die area.
[WARNING GRT-0041] Net VSS has wires/vias outside die area.
[WARNING GRT-0041] Net VSS has wires/vias outside die area.
[WARNING GRT-0041] Net VSS has wires/vias outside die area.
[WARNING GRT-0041] Net VSS has wires/vias outside die area.
[WARNING GRT-0041] Net VSS has wires/vias outside die area.
[WARNING GRT-0041] Net VSS has wires/vias outside die area.
[WARNING GRT-0041] Net VSS has wires/vias outside die area.
[WARNING GRT-0041] Net VSS has wires/vias outside die area.
[WARNING GRT-0041] Net VSS has wires/vias outside die area.
[WARNING GRT-0041] Net VSS has wires/vias outside die area.
[WARNING GRT-0041] Net VSS has wires/vias outside die area.
[WARNING GRT-0041] Net VSS has wires/vias outside die area.
[WARNING GRT-0041] Net VSS has wires/vias outside die area.
[WARNING GRT-0041] Net VSS has wires/vias outside die area.
[WARNING GRT-0041] Net VSS has wires/vias outside die area.
[WARNING GRT-0041] Net VSS has wires/vias outside die area.
[WARNING GRT-0041] Net VSS has wires/vias outside die area.
[WARNING GRT-0041] Net VSS has wires/vias outside die area.
[WARNING GRT-0041] Net VSS has wires/vias outside die area.
[WARNING GRT-0041] Net VSS has wires/vias outside die area.
[WARNING GRT-0041] Net VSS has wires/vias outside die area.
[WARNING GRT-0041] Net VSS has wires/vias outside die area.
[WARNING GRT-0041] Net VSS has wires/vias outside die area.
[WARNING GRT-0041] Net VSS has wires/vias outside die area.
[WARNING GRT-0041] Net VSS has wires/vias outside die area.
[WARNING GRT-0041] Net VSS has wires/vias outside die area.
[WARNING GRT-0041] Net VSS has wires/vias outside die area.
[WARNING GRT-0041] Net VSS has wires/vias outside die area.
[WARNING GRT-0041] Net VSS has wires/vias outside die area.
[WARNING GRT-0041] Net VSS has wires/vias outside die area.
[WARNING GRT-0041] Net VSS has wires/vias outside die area.
[WARNING GRT-0041] Net VSS has wires/vias outside die area.
[WARNING GRT-0041] Net VSS has wires/vias outside die area.
[WARNING GRT-0041] Net VSS has wires/vias outside die area.
[WARNING GRT-0041] Net VSS has wires/vias outside die area.
[WARNING GRT-0041] Net VSS has wires/vias outside die area.
[WARNING GRT-0041] Net VSS has wires/vias outside die area.
[WARNING GRT-0041] Net VSS has wires/vias outside die area.
[WARNING GRT-0041] Net VSS has wires/vias outside die area.
[WARNING GRT-0041] Net VSS has wires/vias outside die area.
[WARNING GRT-0041] Net VSS has wires/vias outside die area.
[WARNING GRT-0041] Net VSS has wires/vias outside die area.
[WARNING GRT-0041] Net VSS has wires/vias outside die area.
[WARNING GRT-0041] Net VSS has wires/vias outside die area.
[WARNING GRT-0041] Net VSS has wires/vias outside die area.
[WARNING GRT-0041] Net VSS has wires/vias outside die area.
[WARNING GRT-0041] Net VSS has wires/vias outside die area.
[WARNING GRT-0041] Net VSS has wires/vias outside die area.
[WARNING GRT-0041] Net VSS has wires/vias outside die area.
[WARNING GRT-0041] Net VSS has wires/vias outside die area.
[WARNING GRT-0041] Net VSS has wires/vias outside die area.
[WARNING GRT-0041] Net VSS has wires/vias outside die area.
[WARNING GRT-0041] Net VSS has wires/vias outside die area.
[WARNING GRT-0041] Net VSS has wires/vias outside die area.
[WARNING GRT-0041] Net VSS has wires/vias outside die area.
[WARNING GRT-0041] Net VSS has wires/vias outside die area.
[WARNING GRT-0041] Net VSS has wires/vias outside die area.
[WARNING GRT-0041] Net VSS has wires/vias outside die area.
[WARNING GRT-0041] Net VSS has wires/vias outside die area.
[WARNING GRT-0041] Net VSS has wires/vias outside die area.
[WARNING GRT-0041] Net VSS has wires/vias outside die area.
[WARNING GRT-0041] Net VSS has wires/vias outside die area.
[WARNING GRT-0041] Net VSS has wires/vias outside die area.
[WARNING GRT-0041] Net VSS has wires/vias outside die area.
[WARNING GRT-0041] Net VSS has wires/vias outside die area.
[WARNING GRT-0041] Net VSS has wires/vias outside die area.
[WARNING GRT-0041] Net VSS has wires/vias outside die area.
[WARNING GRT-0041] Net VSS has wires/vias outside die area.
[WARNING GRT-0041] Net VSS has wires/vias outside die area.
[WARNING GRT-0041] Net VSS has wires/vias outside die area.
[WARNING GRT-0041] Net VSS has wires/vias outside die area.
[WARNING GRT-0041] Net VSS has wires/vias outside die area.
[WARNING GRT-0041] Net VSS has wires/vias outside die area.
[WARNING GRT-0041] Net VSS has wires/vias outside die area.
[WARNING GRT-0041] Net VSS has wires/vias outside die area.
[WARNING GRT-0041] Net VSS has wires/vias outside die area.
[WARNING GRT-0041] Net VSS has wires/vias outside die area.
[WARNING GRT-0041] Net VSS has wires/vias outside die area.
[WARNING GRT-0041] Net VSS has wires/vias outside die area.
[WARNING GRT-0041] Net VSS has wires/vias outside die area.
[WARNING GRT-0041] Net VSS has wires/vias outside die area.
[WARNING GRT-0041] Net VSS has wires/vias outside die area.
[WARNING GRT-0041] Net VSS has wires/vias outside die area.
[WARNING GRT-0041] Net VSS has wires/vias outside die area.
[WARNING GRT-0041] Net VSS has wires/vias outside die area.
[WARNING GRT-0041] Net VSS has wires/vias outside die area.
[WARNING GRT-0041] Net VSS has wires/vias outside die area.
[WARNING GRT-0041] Net VSS has wires/vias outside die area.
[WARNING GRT-0041] Net VSS has wires/vias outside die area.
[WARNING GRT-0041] Net VSS has wires/vias outside die area.
[WARNING GRT-0041] Net VSS has wires/vias outside die area.
[WARNING GRT-0041] Net VSS has wires/vias outside die area.
[WARNING GRT-0041] Net VSS has wires/vias outside die area.
[WARNING GRT-0041] Net VSS has wires/vias outside die area.
[WARNING GRT-0041] Net VSS has wires/vias outside die area.
[WARNING GRT-0041] Net VSS has wires/vias outside die area.
[WARNING GRT-0041] Net VSS has wires/vias outside die area.
[WARNING GRT-0041] Net VSS has wires/vias outside die area.
[WARNING GRT-0041] Net VSS has wires/vias outside die area.
[WARNING GRT-0041] Net VSS has wires/vias outside die area.
[WARNING GRT-0041] Net VSS has wires/vias outside die area.
[WARNING GRT-0041] Net VSS has wires/vias outside die area.
[WARNING GRT-0041] Net VSS has wires/vias outside die area.
[WARNING GRT-0041] Net VSS has wires/vias outside die area.
[WARNING GRT-0041] Net VSS has wires/vias outside die area.
[WARNING GRT-0041] Net VSS has wires/vias outside die area.
[WARNING GRT-0041] Net VSS has wires/vias outside die area.
[WARNING GRT-0041] Net VSS has wires/vias outside die area.
[WARNING GRT-0041] Net VSS has wires/vias outside die area.
[WARNING GRT-0041] Net VSS has wires/vias outside die area.
[WARNING GRT-0041] Net VSS has wires/vias outside die area.
[WARNING GRT-0041] Net VSS has wires/vias outside die area.
[WARNING GRT-0041] Net VSS has wires/vias outside die area.
[WARNING GRT-0041] Net VSS has wires/vias outside die area.
[WARNING GRT-0041] Net VSS has wires/vias outside die area.
[WARNING GRT-0041] Net VSS has wires/vias outside die area.
[WARNING GRT-0041] Net VSS has wires/vias outside die area.
[WARNING GRT-0041] Net VSS has wires/vias outside die area.
[WARNING GRT-0041] Net VSS has wires/vias outside die area.
[WARNING GRT-0041] Net VSS has wires/vias outside die area.
[WARNING GRT-0041] Net VSS has wires/vias outside die area.
[WARNING GRT-0041] Net VSS has wires/vias outside die area.
[WARNING GRT-0041] Net VSS has wires/vias outside die area.
[WARNING GRT-0041] Net VSS has wires/vias outside die area.
[WARNING GRT-0041] Net VSS has wires/vias outside die area.
[WARNING GRT-0041] Net VSS has wires/vias outside die area.
[WARNING GRT-0041] Net VSS has wires/vias outside die area.
[WARNING GRT-0041] Net VSS has wires/vias outside die area.
[WARNING GRT-0041] Net VSS has wires/vias outside die area.
[WARNING GRT-0041] Net VSS has wires/vias outside die area.
[WARNING GRT-0041] Net VSS has wires/vias outside die area.
[WARNING GRT-0041] Net VSS has wires/vias outside die area.
[WARNING GRT-0041] Net VSS has wires/vias outside die area.
[WARNING GRT-0041] Net VSS has wires/vias outside die area.
[WARNING GRT-0041] Net VSS has wires/vias outside die area.
[WARNING GRT-0041] Net VSS has wires/vias outside die area.
[WARNING GRT-0041] Net VSS has wires/vias outside die area.
[WARNING GRT-0041] Net VSS has wires/vias outside die area.
[WARNING GRT-0041] Net VSS has wires/vias outside die area.
[WARNING GRT-0041] Net VSS has wires/vias outside die area.
[WARNING GRT-0041] Net VSS has wires/vias outside die area.
[WARNING GRT-0041] Net VSS has wires/vias outside die area.
[WARNING GRT-0041] Net VSS has wires/vias outside die area.
[WARNING GRT-0041] Net VSS has wires/vias outside die area.
[WARNING GRT-0041] Net VSS has wires/vias outside die area.
[WARNING GRT-0041] Net VSS has wires/vias outside die area.
[WARNING GRT-0041] Net VSS has wires/vias outside die area.
[WARNING GRT-0041] Net VSS has wires/vias outside die area.
[WARNING GRT-0041] Net VSS has wires/vias outside die area.
[WARNING GRT-0041] Net VSS has wires/vias outside die area.
[WARNING GRT-0041] Net VSS has wires/vias outside die area.
[WARNING GRT-0041] Net VSS has wires/vias outside die area.
[WARNING GRT-0041] Net VSS has wires/vias outside die area.
[WARNING GRT-0041] Net VSS has wires/vias outside die area.
[WARNING GRT-0041] Net VSS has wires/vias outside die area.
[WARNING GRT-0041] Net VSS has wires/vias outside die area.
[WARNING GRT-0041] Net VSS has wires/vias outside die area.
[WARNING GRT-0041] Net VSS has wires/vias outside die area.
[WARNING GRT-0041] Net VSS has wires/vias outside die area.
[WARNING GRT-0041] Net VSS has wires/vias outside die area.
[WARNING GRT-0041] Net VSS has wires/vias outside die area.
[WARNING GRT-0041] Net VSS has wires/vias outside die area.
[WARNING GRT-0041] Net VSS has wires/vias outside die area.
[WARNING GRT-0041] Net VSS has wires/vias outside die area.
[WARNING GRT-0041] Net VSS has wires/vias outside die area.
[WARNING GRT-0041] Net VSS has wires/vias outside die area.
[WARNING GRT-0041] Net VSS has wires/vias outside die area.
[WARNING GRT-0041] Net VSS has wires/vias outside die area.
[WARNING GRT-0041] Net VSS has wires/vias outside die area.
[WARNING GRT-0041] Net VSS has wires/vias outside die area.
[WARNING GRT-0041] Net VSS has wires/vias outside die area.
[WARNING GRT-0041] Net VSS has wires/vias outside die area.
[WARNING GRT-0041] Net VSS has wires/vias outside die area.
[WARNING GRT-0041] Net VSS has wires/vias outside die area.
[WARNING GRT-0041] Net VSS has wires/vias outside die area.
[WARNING GRT-0041] Net VSS has wires/vias outside die area.
[WARNING GRT-0041] Net VSS has wires/vias outside die area.
[WARNING GRT-0041] Net VSS has wires/vias outside die area.
[WARNING GRT-0041] Net VSS has wires/vias outside die area.
[WARNING GRT-0041] Net VSS has wires/vias outside die area.
[WARNING GRT-0041] Net VSS has wires/vias outside die area.
[WARNING GRT-0041] Net VSS has wires/vias outside die area.
[WARNING GRT-0041] Net VSS has wires/vias outside die area.
[WARNING GRT-0041] Net VSS has wires/vias outside die area.
[WARNING GRT-0041] Net VSS has wires/vias outside die area.
[WARNING GRT-0041] Net VSS has wires/vias outside die area.
[WARNING GRT-0041] Net VSS has wires/vias outside die area.
[WARNING GRT-0041] Net VSS has wires/vias outside die area.
[WARNING GRT-0041] Net VSS has wires/vias outside die area.
[WARNING GRT-0041] Net VSS has wires/vias outside die area.
[WARNING GRT-0041] Net VSS has wires/vias outside die area.
[WARNING GRT-0041] Net VSS has wires/vias outside die area.
[WARNING GRT-0041] Net VSS has wires/vias outside die area.
[WARNING GRT-0041] Net VSS has wires/vias outside die area.
[WARNING GRT-0041] Net VSS has wires/vias outside die area.
[WARNING GRT-0041] Net VSS has wires/vias outside die area.
[WARNING GRT-0041] Net VSS has wires/vias outside die area.
[WARNING GRT-0041] Net VSS has wires/vias outside die area.
[WARNING GRT-0041] Net VSS has wires/vias outside die area.
[WARNING GRT-0041] Net VSS has wires/vias outside die area.
[WARNING GRT-0041] Net VSS has wires/vias outside die area.
[WARNING GRT-0041] Net VSS has wires/vias outside die area.
[WARNING GRT-0041] Net VSS has wires/vias outside die area.
[WARNING GRT-0041] Net VSS has wires/vias outside die area.
[WARNING GRT-0041] Net VSS has wires/vias outside die area.
[WARNING GRT-0041] Net VSS has wires/vias outside die area.
[WARNING GRT-0041] Net VSS has wires/vias outside die area.
[WARNING GRT-0041] Net VSS has wires/vias outside die area.
[WARNING GRT-0041] Net VSS has wires/vias outside die area.
[WARNING GRT-0041] Net VSS has wires/vias outside die area.
[WARNING GRT-0041] Net VSS has wires/vias outside die area.
[WARNING GRT-0041] Net VSS has wires/vias outside die area.
[WARNING GRT-0041] Net VSS has wires/vias outside die area.
[WARNING GRT-0041] Net VSS has wires/vias outside die area.
[WARNING GRT-0041] Net VSS has wires/vias outside die area.
[WARNING GRT-0041] Net VSS has wires/vias outside die area.
[WARNING GRT-0041] Net VSS has wires/vias outside die area.
[WARNING GRT-0041] Net VSS has wires/vias outside die area.
[WARNING GRT-0041] Net VSS has wires/vias outside die area.
[WARNING GRT-0041] Net VSS has wires/vias outside die area.
[WARNING GRT-0041] Net VSS has wires/vias outside die area.
[WARNING GRT-0041] Net VSS has wires/vias outside die area.
[WARNING GRT-0041] Net VSS has wires/vias outside die area.
[WARNING GRT-0041] Net VSS has wires/vias outside die area.
[WARNING GRT-0041] Net VSS has wires/vias outside die area.
[WARNING GRT-0041] Net VSS has wires/vias outside die area.
[WARNING GRT-0041] Net VSS has wires/vias outside die area.
[WARNING GRT-0041] Net VSS has wires/vias outside die area.
[WARNING GRT-0041] Net VSS has wires/vias outside die area.
[WARNING GRT-0041] Net VSS has wires/vias outside die area.
[WARNING GRT-0041] Net VSS has wires/vias outside die area.
[WARNING GRT-0041] Net VSS has wires/vias outside die area.
[WARNING GRT-0041] Net VSS has wires/vias outside die area.
[WARNING GRT-0041] Net VSS has wires/vias outside die area.
[WARNING GRT-0041] Net VSS has wires/vias outside die area.
[WARNING GRT-0041] Net VSS has wires/vias outside die area.
[WARNING GRT-0041] Net VSS has wires/vias outside die area.
[WARNING GRT-0041] Net VSS has wires/vias outside die area.
[WARNING GRT-0041] Net VSS has wires/vias outside die area.
[WARNING GRT-0041] Net VSS has wires/vias outside die area.
[WARNING GRT-0041] Net VSS has wires/vias outside die area.
[WARNING GRT-0041] Net VSS has wires/vias outside die area.
[WARNING GRT-0041] Net VSS has wires/vias outside die area.
[WARNING GRT-0041] Net VSS has wires/vias outside die area.
[WARNING GRT-0041] Net VSS has wires/vias outside die area.
[WARNING GRT-0041] Net VSS has wires/vias outside die area.
[WARNING GRT-0041] Net VSS has wires/vias outside die area.
[WARNING GRT-0041] Net VSS has wires/vias outside die area.
[WARNING GRT-0041] Net VSS has wires/vias outside die area.
[WARNING GRT-0041] Net VSS has wires/vias outside die area.
[WARNING GRT-0041] Net VSS has wires/vias outside die area.
[WARNING GRT-0041] Net VSS has wires/vias outside die area.
[WARNING GRT-0041] Net VSS has wires/vias outside die area.
[WARNING GRT-0041] Net VSS has wires/vias outside die area.
[WARNING GRT-0041] Net VSS has wires/vias outside die area.
[WARNING GRT-0041] Net VSS has wires/vias outside die area.
[WARNING GRT-0041] Net VSS has wires/vias outside die area.
[WARNING GRT-0041] Net VSS has wires/vias outside die area.
[WARNING GRT-0041] Net VSS has wires/vias outside die area.
[WARNING GRT-0041] Net VSS has wires/vias outside die area.
[WARNING GRT-0041] Net VSS has wires/vias outside die area.
[WARNING GRT-0041] Net VSS has wires/vias outside die area.
[WARNING GRT-0041] Net VSS has wires/vias outside die area.
[WARNING GRT-0041] Net VSS has wires/vias outside die area.
[WARNING GRT-0041] Net VSS has wires/vias outside die area.
[WARNING GRT-0041] Net VSS has wires/vias outside die area.
[WARNING GRT-0041] Net VSS has wires/vias outside die area.
[WARNING GRT-0041] Net VSS has wires/vias outside die area.
[WARNING GRT-0041] Net VSS has wires/vias outside die area.
[WARNING GRT-0041] Net VSS has wires/vias outside die area.
[WARNING GRT-0041] Net VSS has wires/vias outside die area.
[WARNING GRT-0041] Net VSS has wires/vias outside die area.
[WARNING GRT-0041] Net VSS has wires/vias outside die area.
[WARNING GRT-0041] Net VSS has wires/vias outside die area.
[WARNING GRT-0041] Net VSS has wires/vias outside die area.
[WARNING GRT-0041] Net VSS has wires/vias outside die area.
[WARNING GRT-0041] Net VSS has wires/vias outside die area.
[WARNING GRT-0041] Net VSS has wires/vias outside die area.
[WARNING GRT-0041] Net VSS has wires/vias outside die area.
[WARNING GRT-0041] Net VSS has wires/vias outside die area.
[WARNING GRT-0041] Net VSS has wires/vias outside die area.
[WARNING GRT-0041] Net VSS has wires/vias outside die area.
[WARNING GRT-0041] Net VSS has wires/vias outside die area.
[WARNING GRT-0041] Net VSS has wires/vias outside die area.
[WARNING GRT-0041] Net VSS has wires/vias outside die area.
[WARNING GRT-0041] Net VSS has wires/vias outside die area.
[WARNING GRT-0041] Net VSS has wires/vias outside die area.
[WARNING GRT-0041] Net VSS has wires/vias outside die area.
[WARNING GRT-0041] Net VSS has wires/vias outside die area.
[WARNING GRT-0041] Net VSS has wires/vias outside die area.
[WARNING GRT-0041] Net VSS has wires/vias outside die area.
[WARNING GRT-0041] Net VSS has wires/vias outside die area.
[WARNING GRT-0041] Net VSS has wires/vias outside die area.
[WARNING GRT-0041] Net VSS has wires/vias outside die area.
[WARNING GRT-0041] Net VSS has wires/vias outside die area.
[WARNING GRT-0041] Net VSS has wires/vias outside die area.
[WARNING GRT-0041] Net VSS has wires/vias outside die area.
[WARNING GRT-0041] Net VSS has wires/vias outside die area.
[WARNING GRT-0041] Net VSS has wires/vias outside die area.
[WARNING GRT-0041] Net VSS has wires/vias outside die area.
[WARNING GRT-0041] Net VSS has wires/vias outside die area.
[WARNING GRT-0041] Net VSS has wires/vias outside die area.
[WARNING GRT-0041] Net VSS has wires/vias outside die area.
[WARNING GRT-0041] Net VSS has wires/vias outside die area.
[WARNING GRT-0041] Net VSS has wires/vias outside die area.
[WARNING GRT-0041] Net VSS has wires/vias outside die area.
[WARNING GRT-0041] Net VSS has wires/vias outside die area.
[WARNING GRT-0041] Net VSS has wires/vias outside die area.
[WARNING GRT-0041] Net VSS has wires/vias outside die area.
[WARNING GRT-0041] Net VSS has wires/vias outside die area.
[WARNING GRT-0041] Net VSS has wires/vias outside die area.
[WARNING GRT-0041] Net VSS has wires/vias outside die area.
[WARNING GRT-0041] Net VSS has wires/vias outside die area.
[WARNING GRT-0041] Net VSS has wires/vias outside die area.
[WARNING GRT-0041] Net VSS has wires/vias outside die area.
[WARNING GRT-0041] Net VSS has wires/vias outside die area.
[WARNING GRT-0041] Net VSS has wires/vias outside die area.
[WARNING GRT-0041] Net VSS has wires/vias outside die area.
[WARNING GRT-0041] Net VSS has wires/vias outside die area.
[WARNING GRT-0041] Net VSS has wires/vias outside die area.
[WARNING GRT-0041] Net VSS has wires/vias outside die area.
[WARNING GRT-0041] Net VSS has wires/vias outside die area.
[WARNING GRT-0041] Net VSS has wires/vias outside die area.
[WARNING GRT-0041] Net VSS has wires/vias outside die area.
[WARNING GRT-0041] Net VSS has wires/vias outside die area.
[WARNING GRT-0041] Net VSS has wires/vias outside die area.
[WARNING GRT-0041] Net VSS has wires/vias outside die area.
[WARNING GRT-0041] Net VSS has wires/vias outside die area.
[WARNING GRT-0041] Net VSS has wires/vias outside die area.
[WARNING GRT-0041] Net VSS has wires/vias outside die area.
[WARNING GRT-0041] Net VSS has wires/vias outside die area.
[WARNING GRT-0041] Net VSS has wires/vias outside die area.
[WARNING GRT-0041] Net VSS has wires/vias outside die area.
[WARNING GRT-0041] Net VSS has wires/vias outside die area.
[WARNING GRT-0041] Net VSS has wires/vias outside die area.
[WARNING GRT-0041] Net VSS has wires/vias outside die area.
[WARNING GRT-0041] Net VSS has wires/vias outside die area.
[WARNING GRT-0041] Net VSS has wires/vias outside die area.
[WARNING GRT-0041] Net VSS has wires/vias outside die area.
[WARNING GRT-0041] Net VSS has wires/vias outside die area.
[WARNING GRT-0041] Net VSS has wires/vias outside die area.
[WARNING GRT-0041] Net VSS has wires/vias outside die area.
[WARNING GRT-0041] Net VSS has wires/vias outside die area.
[WARNING GRT-0041] Net VSS has wires/vias outside die area.
[WARNING GRT-0041] Net VSS has wires/vias outside die area.
[WARNING GRT-0041] Net VSS has wires/vias outside die area.
[WARNING GRT-0041] Net VSS has wires/vias outside die area.
[WARNING GRT-0041] Net VSS has wires/vias outside die area.
[WARNING GRT-0041] Net VSS has wires/vias outside die area.
[WARNING GRT-0041] Net VSS has wires/vias outside die area.
[WARNING GRT-0041] Net VSS has wires/vias outside die area.
[WARNING GRT-0041] Net VSS has wires/vias outside die area.
[WARNING GRT-0041] Net VSS has wires/vias outside die area.
[WARNING GRT-0041] Net VSS has wires/vias outside die area.
[WARNING GRT-0041] Net VSS has wires/vias outside die area.
[WARNING GRT-0041] Net VSS has wires/vias outside die area.
[WARNING GRT-0041] Net VSS has wires/vias outside die area.
[WARNING GRT-0041] Net VSS has wires/vias outside die area.
[WARNING GRT-0041] Net VSS has wires/vias outside die area.
[WARNING GRT-0041] Net VSS has wires/vias outside die area.
[WARNING GRT-0041] Net VSS has wires/vias outside die area.
[WARNING GRT-0041] Net VSS has wires/vias outside die area.
[WARNING GRT-0041] Net VSS has wires/vias outside die area.
[WARNING GRT-0041] Net VSS has wires/vias outside die area.
[WARNING GRT-0041] Net VSS has wires/vias outside die area.
[WARNING GRT-0041] Net VSS has wires/vias outside die area.
[WARNING GRT-0041] Net VSS has wires/vias outside die area.
[WARNING GRT-0041] Net VSS has wires/vias outside die area.
[WARNING GRT-0041] Net VSS has wires/vias outside die area.
[WARNING GRT-0041] Net VSS has wires/vias outside die area.
[WARNING GRT-0041] Net VSS has wires/vias outside die area.
[WARNING GRT-0041] Net VSS has wires/vias outside die area.
[WARNING GRT-0041] Net VSS has wires/vias outside die area.
[WARNING GRT-0041] Net VSS has wires/vias outside die area.
[WARNING GRT-0041] Net VSS has wires/vias outside die area.
[WARNING GRT-0041] Net VSS has wires/vias outside die area.
[WARNING GRT-0041] Net VSS has wires/vias outside die area.
[WARNING GRT-0041] Net VSS has wires/vias outside die area.
[WARNING GRT-0041] Net VSS has wires/vias outside die area.
[WARNING GRT-0041] Net VSS has wires/vias outside die area.
[WARNING GRT-0041] Net VSS has wires/vias outside die area.
[WARNING GRT-0041] Net VSS has wires/vias outside die area.
[WARNING GRT-0041] Net VSS has wires/vias outside die area.
[WARNING GRT-0041] Net VSS has wires/vias outside die area.
[WARNING GRT-0041] Net VSS has wires/vias outside die area.
[WARNING GRT-0041] Net VSS has wires/vias outside die area.
[WARNING GRT-0041] Net VSS has wires/vias outside die area.
[WARNING GRT-0041] Net VSS has wires/vias outside die area.
[WARNING GRT-0041] Net VSS has wires/vias outside die area.
[WARNING GRT-0041] Net VSS has wires/vias outside die area.
[WARNING GRT-0041] Net VSS has wires/vias outside die area.
[WARNING GRT-0041] Net VSS has wires/vias outside die area.
[WARNING GRT-0041] Net VSS has wires/vias outside die area.
[WARNING GRT-0041] Net VSS has wires/vias outside die area.
[WARNING GRT-0041] Net VSS has wires/vias outside die area.
[WARNING GRT-0041] Net VSS has wires/vias outside die area.
[WARNING GRT-0041] Net VSS has wires/vias outside die area.
[WARNING GRT-0041] Net VSS has wires/vias outside die area.
[WARNING GRT-0041] Net VSS has wires/vias outside die area.
[WARNING GRT-0041] Net VSS has wires/vias outside die area.
[WARNING GRT-0041] Net VSS has wires/vias outside die area.
[WARNING GRT-0041] Net VSS has wires/vias outside die area.
[WARNING GRT-0041] Net VSS has wires/vias outside die area.
[WARNING GRT-0041] Net VSS has wires/vias outside die area.
[WARNING GRT-0041] Net VSS has wires/vias outside die area.
[WARNING GRT-0041] Net VSS has wires/vias outside die area.
[WARNING GRT-0041] Net VSS has wires/vias outside die area.
[WARNING GRT-0041] Net VSS has wires/vias outside die area.
[WARNING GRT-0041] Net VSS has wires/vias outside die area.
[WARNING GRT-0041] Net VSS has wires/vias outside die area.
[WARNING GRT-0041] Net VSS has wires/vias outside die area.
[WARNING GRT-0041] Net VSS has wires/vias outside die area.
[WARNING GRT-0041] Net VSS has wires/vias outside die area.
[WARNING GRT-0041] Net VSS has wires/vias outside die area.
[WARNING GRT-0041] Net VSS has wires/vias outside die area.
[WARNING GRT-0041] Net VSS has wires/vias outside die area.
[WARNING GRT-0041] Net VSS has wires/vias outside die area.
[WARNING GRT-0041] Net VSS has wires/vias outside die area.
[WARNING GRT-0041] Net VSS has wires/vias outside die area.
[WARNING GRT-0041] Net VSS has wires/vias outside die area.
[WARNING GRT-0041] Net VSS has wires/vias outside die area.
[WARNING GRT-0041] Net VSS has wires/vias outside die area.
[WARNING GRT-0041] Net VSS has wires/vias outside die area.
[WARNING GRT-0041] Net VSS has wires/vias outside die area.
[WARNING GRT-0041] Net VSS has wires/vias outside die area.
[WARNING GRT-0041] Net VSS has wires/vias outside die area.
[WARNING GRT-0041] Net VSS has wires/vias outside die area.
[WARNING GRT-0041] Net VSS has wires/vias outside die area.
[WARNING GRT-0041] Net VSS has wires/vias outside die area.
[WARNING GRT-0041] Net VSS has wires/vias outside die area.
[WARNING GRT-0041] Net VSS has wires/vias outside die area.
[WARNING GRT-0041] Net VSS has wires/vias outside die area.
[WARNING GRT-0041] Net VSS has wires/vias outside die area.
[WARNING GRT-0041] Net VSS has wires/vias outside die area.
[WARNING GRT-0041] Net VSS has wires/vias outside die area.
[WARNING GRT-0041] Net VSS has wires/vias outside die area.
[WARNING GRT-0041] Net VSS has wires/vias outside die area.
[WARNING GRT-0041] Net VSS has wires/vias outside die area.
[WARNING GRT-0041] Net VSS has wires/vias outside die area.
[WARNING GRT-0041] Net VSS has wires/vias outside die area.
[WARNING GRT-0041] Net VSS has wires/vias outside die area.
[WARNING GRT-0041] Net VSS has wires/vias outside die area.
[WARNING GRT-0041] Net VSS has wires/vias outside die area.
[WARNING GRT-0041] Net VSS has wires/vias outside die area.
[WARNING GRT-0041] Net VSS has wires/vias outside die area.
[WARNING GRT-0041] Net VSS has wires/vias outside die area.
[WARNING GRT-0041] Net VSS has wires/vias outside die area.
[WARNING GRT-0041] Net VSS has wires/vias outside die area.
[WARNING GRT-0041] Net VSS has wires/vias outside die area.
[WARNING GRT-0041] Net VSS has wires/vias outside die area.
[WARNING GRT-0041] Net VSS has wires/vias outside die area.
[WARNING GRT-0041] Net VSS has wires/vias outside die area.
[WARNING GRT-0041] Net VSS has wires/vias outside die area.
[WARNING GRT-0041] Net VSS has wires/vias outside die area.
[WARNING GRT-0041] Net VSS has wires/vias outside die area.
[WARNING GRT-0041] Net VSS has wires/vias outside die area.
[WARNING GRT-0041] Net VSS has wires/vias outside die area.
[WARNING GRT-0041] Net VSS has wires/vias outside die area.
[WARNING GRT-0041] Net VSS has wires/vias outside die area.
[WARNING GRT-0041] Net VSS has wires/vias outside die area.
[WARNING GRT-0041] Net VSS has wires/vias outside die area.
[WARNING GRT-0041] Net VSS has wires/vias outside die area.
[WARNING GRT-0041] Net VSS has wires/vias outside die area.
[WARNING GRT-0041] Net VSS has wires/vias outside die area.
[WARNING GRT-0041] Net VSS has wires/vias outside die area.
[WARNING GRT-0041] Net VSS has wires/vias outside die area.
[WARNING GRT-0041] Net VSS has wires/vias outside die area.
[WARNING GRT-0041] Net VSS has wires/vias outside die area.
[WARNING GRT-0041] Net VSS has wires/vias outside die area.
[WARNING GRT-0041] Net VSS has wires/vias outside die area.
[WARNING GRT-0041] Net VSS has wires/vias outside die area.
[WARNING GRT-0041] Net VSS has wires/vias outside die area.
[WARNING GRT-0041] Net VSS has wires/vias outside die area.
[WARNING GRT-0041] Net VSS has wires/vias outside die area.
[WARNING GRT-0041] Net VSS has wires/vias outside die area.
[WARNING GRT-0041] Net VSS has wires/vias outside die area.
[WARNING GRT-0041] Net VSS has wires/vias outside die area.
[WARNING GRT-0041] Net VSS has wires/vias outside die area.
[WARNING GRT-0041] Net VSS has wires/vias outside die area.
[WARNING GRT-0041] Net VSS has wires/vias outside die area.
[WARNING GRT-0041] Net VSS has wires/vias outside die area.
[WARNING GRT-0041] Net VSS has wires/vias outside die area.
[WARNING GRT-0041] Net VSS has wires/vias outside die area.
[WARNING GRT-0041] Net VSS has wires/vias outside die area.
[WARNING GRT-0041] Net VSS has wires/vias outside die area.
[WARNING GRT-0041] Net VSS has wires/vias outside die area.
[WARNING GRT-0041] Net VSS has wires/vias outside die area.
[WARNING GRT-0041] Net VSS has wires/vias outside die area.
[WARNING GRT-0041] Net VSS has wires/vias outside die area.
[WARNING GRT-0041] Net VSS has wires/vias outside die area.
[WARNING GRT-0041] Net VSS has wires/vias outside die area.
[WARNING GRT-0041] Net VSS has wires/vias outside die area.
[WARNING GRT-0041] Net VSS has wires/vias outside die area.
[WARNING GRT-0041] Net VSS has wires/vias outside die area.
[WARNING GRT-0041] Net VSS has wires/vias outside die area.
[WARNING GRT-0041] Net VSS has wires/vias outside die area.
[WARNING GRT-0041] Net VSS has wires/vias outside die area.
[WARNING GRT-0041] Net VSS has wires/vias outside die area.
[WARNING GRT-0041] Net VSS has wires/vias outside die area.
[WARNING GRT-0041] Net VSS has wires/vias outside die area.
[WARNING GRT-0041] Net VSS has wires/vias outside die area.
[WARNING GRT-0041] Net VSS has wires/vias outside die area.
[WARNING GRT-0041] Net VSS has wires/vias outside die area.
[WARNING GRT-0041] Net VSS has wires/vias outside die area.
[WARNING GRT-0041] Net VSS has wires/vias outside die area.
[WARNING GRT-0041] Net VSS has wires/vias outside die area.
[WARNING GRT-0041] Net VSS has wires/vias outside die area.
[WARNING GRT-0041] Net VSS has wires/vias outside die area.
[WARNING GRT-0041] Net VSS has wires/vias outside die area.
[WARNING GRT-0041] Net VSS has wires/vias outside die area.
[WARNING GRT-0041] Net VSS has wires/vias outside die area.
[WARNING GRT-0041] Net VSS has wires/vias outside die area.
[WARNING GRT-0041] Net VSS has wires/vias outside die area.
[WARNING GRT-0041] Net VSS has wires/vias outside die area.
[WARNING GRT-0041] Net VSS has wires/vias outside die area.
[WARNING GRT-0041] Net VSS has wires/vias outside die area.
[WARNING GRT-0041] Net VSS has wires/vias outside die area.
[WARNING GRT-0041] Net VSS has wires/vias outside die area.
[WARNING GRT-0041] Net VSS has wires/vias outside die area.
[WARNING GRT-0041] Net VSS has wires/vias outside die area.
[WARNING GRT-0041] Net VSS has wires/vias outside die area.
[WARNING GRT-0041] Net VSS has wires/vias outside die area.
[WARNING GRT-0041] Net VSS has wires/vias outside die area.
[WARNING GRT-0041] Net VSS has wires/vias outside die area.
[WARNING GRT-0041] Net VSS has wires/vias outside die area.
[WARNING GRT-0041] Net VSS has wires/vias outside die area.
[WARNING GRT-0041] Net VSS has wires/vias outside die area.
[WARNING GRT-0041] Net VSS has wires/vias outside die area.
[WARNING GRT-0041] Net VSS has wires/vias outside die area.
[WARNING GRT-0041] Net VSS has wires/vias outside die area.
[WARNING GRT-0041] Net VSS has wires/vias outside die area.
[WARNING GRT-0041] Net VSS has wires/vias outside die area.
[WARNING GRT-0041] Net VSS has wires/vias outside die area.
[WARNING GRT-0041] Net VSS has wires/vias outside die area.
[WARNING GRT-0041] Net VSS has wires/vias outside die area.
[WARNING GRT-0041] Net VSS has wires/vias outside die area.
[WARNING GRT-0041] Net VSS has wires/vias outside die area.
[WARNING GRT-0041] Net VSS has wires/vias outside die area.
[WARNING GRT-0041] Net VSS has wires/vias outside die area.
[WARNING GRT-0041] Net VSS has wires/vias outside die area.
[WARNING GRT-0041] Net VSS has wires/vias outside die area.
[WARNING GRT-0041] Net VSS has wires/vias outside die area.
[WARNING GRT-0041] Net VSS has wires/vias outside die area.
[WARNING GRT-0041] Net VSS has wires/vias outside die area.
[WARNING GRT-0041] Net VSS has wires/vias outside die area.
[WARNING GRT-0041] Net VSS has wires/vias outside die area.
[WARNING GRT-0041] Net VSS has wires/vias outside die area.
[WARNING GRT-0041] Net VSS has wires/vias outside die area.
[WARNING GRT-0041] Net VSS has wires/vias outside die area.
[WARNING GRT-0041] Net VSS has wires/vias outside die area.
[WARNING GRT-0041] Net VSS has wires/vias outside die area.
[WARNING GRT-0041] Net VSS has wires/vias outside die area.
[WARNING GRT-0041] Net VSS has wires/vias outside die area.
[WARNING GRT-0041] Net VSS has wires/vias outside die area.
[WARNING GRT-0041] Net VSS has wires/vias outside die area.
[WARNING GRT-0041] Net VSS has wires/vias outside die area.
[WARNING GRT-0041] Net VSS has wires/vias outside die area.
[WARNING GRT-0041] Net VSS has wires/vias outside die area.
[WARNING GRT-0041] Net VSS has wires/vias outside die area.
[WARNING GRT-0041] Net VSS has wires/vias outside die area.
[WARNING GRT-0041] Net VSS has wires/vias outside die area.
[WARNING GRT-0041] Net VSS has wires/vias outside die area.
[WARNING GRT-0041] Net VSS has wires/vias outside die area.
[WARNING GRT-0041] Net VSS has wires/vias outside die area.
[WARNING GRT-0041] Net VSS has wires/vias outside die area.
[WARNING GRT-0041] Net VSS has wires/vias outside die area.
[WARNING GRT-0041] Net VSS has wires/vias outside die area.
[WARNING GRT-0041] Net VSS has wires/vias outside die area.
[WARNING GRT-0041] Net VSS has wires/vias outside die area.
[WARNING GRT-0041] Net VSS has wires/vias outside die area.
[WARNING GRT-0041] Net VSS has wires/vias outside die area.
[WARNING GRT-0041] Net VSS has wires/vias outside die area.
[WARNING GRT-0041] Net VSS has wires/vias outside die area.
[WARNING GRT-0041] Net VSS has wires/vias outside die area.
[WARNING GRT-0041] Net VSS has wires/vias outside die area.
[WARNING GRT-0041] Net VSS has wires/vias outside die area.
[WARNING GRT-0041] Net VSS has wires/vias outside die area.
[WARNING GRT-0041] Net VSS has wires/vias outside die area.
[WARNING GRT-0041] Net VSS has wires/vias outside die area.
[WARNING GRT-0041] Net VSS has wires/vias outside die area.
[WARNING GRT-0041] Net VSS has wires/vias outside die area.
[WARNING GRT-0041] Net VSS has wires/vias outside die area.
[WARNING GRT-0041] Net VSS has wires/vias outside die area.
[WARNING GRT-0041] Net VSS has wires/vias outside die area.
[WARNING GRT-0041] Net VSS has wires/vias outside die area.
[WARNING GRT-0041] Net VSS has wires/vias outside die area.
[WARNING GRT-0041] Net VSS has wires/vias outside die area.
[WARNING GRT-0041] Net VSS has wires/vias outside die area.
[WARNING GRT-0041] Net VSS has wires/vias outside die area.
[WARNING GRT-0041] Net VSS has wires/vias outside die area.
[WARNING GRT-0041] Net VSS has wires/vias outside die area.
[WARNING GRT-0041] Net VSS has wires/vias outside die area.
[WARNING GRT-0041] Net VSS has wires/vias outside die area.
[WARNING GRT-0041] Net VSS has wires/vias outside die area.
[WARNING GRT-0041] Net VSS has wires/vias outside die area.
[WARNING GRT-0041] Net VSS has wires/vias outside die area.
[WARNING GRT-0041] Net VSS has wires/vias outside die area.
[WARNING GRT-0041] Net VSS has wires/vias outside die area.
[WARNING GRT-0041] Net VSS has wires/vias outside die area.
[WARNING GRT-0041] Net VSS has wires/vias outside die area.
[WARNING GRT-0041] Net VSS has wires/vias outside die area.
[WARNING GRT-0041] Net VSS has wires/vias outside die area.
[WARNING GRT-0041] Net VSS has wires/vias outside die area.
[WARNING GRT-0041] Net VSS has wires/vias outside die area.
[WARNING GRT-0041] Net VSS has wires/vias outside die area.
[WARNING GRT-0041] Net VSS has wires/vias outside die area.
[WARNING GRT-0041] Net VSS has wires/vias outside die area.
[WARNING GRT-0041] Net VSS has wires/vias outside die area.
[WARNING GRT-0041] Net VSS has wires/vias outside die area.
[WARNING GRT-0041] Net VSS has wires/vias outside die area.
[WARNING GRT-0041] Net VSS has wires/vias outside die area.
[WARNING GRT-0041] Net VSS has wires/vias outside die area.
[WARNING GRT-0041] Net VSS has wires/vias outside die area.
[WARNING GRT-0041] Net VSS has wires/vias outside die area.
[WARNING GRT-0041] Net VSS has wires/vias outside die area.
[WARNING GRT-0041] Net VSS has wires/vias outside die area.
[WARNING GRT-0041] Net VSS has wires/vias outside die area.
[WARNING GRT-0041] Net VSS has wires/vias outside die area.
[WARNING GRT-0041] Net VSS has wires/vias outside die area.
[WARNING GRT-0041] Net VSS has wires/vias outside die area.
[WARNING GRT-0041] Net VSS has wires/vias outside die area.
[WARNING GRT-0041] Net VSS has wires/vias outside die area.
[WARNING GRT-0041] Net VSS has wires/vias outside die area.
[WARNING GRT-0041] Net VSS has wires/vias outside die area.
[WARNING GRT-0041] Net VSS has wires/vias outside die area.
[WARNING GRT-0041] Net VSS has wires/vias outside die area.
[WARNING GRT-0041] Net VSS has wires/vias outside die area.
[WARNING GRT-0041] Net VSS has wires/vias outside die area.
[WARNING GRT-0041] Net VSS has wires/vias outside die area.
[WARNING GRT-0041] Net VSS has wires/vias outside die area.
[WARNING GRT-0041] Net VSS has wires/vias outside die area.
[WARNING GRT-0041] Net VSS has wires/vias outside die area.
[WARNING GRT-0041] Net VSS has wires/vias outside die area.
[WARNING GRT-0041] Net VSS has wires/vias outside die area.
[WARNING GRT-0041] Net VSS has wires/vias outside die area.
[WARNING GRT-0041] Net VSS has wires/vias outside die area.
[WARNING GRT-0041] Net VSS has wires/vias outside die area.
[WARNING GRT-0041] Net VSS has wires/vias outside die area.
[WARNING GRT-0041] Net VSS has wires/vias outside die area.
[WARNING GRT-0041] Net VSS has wires/vias outside die area.
[WARNING GRT-0041] Net VSS has wires/vias outside die area.
[WARNING GRT-0041] Net VSS has wires/vias outside die area.
[WARNING GRT-0041] Net VSS has wires/vias outside die area.
[WARNING GRT-0041] Net VSS has wires/vias outside die area.
[WARNING GRT-0041] Net VSS has wires/vias outside die area.
[WARNING GRT-0041] Net VSS has wires/vias outside die area.
[WARNING GRT-0041] Net VSS has wires/vias outside die area.
[WARNING GRT-0041] Net VSS has wires/vias outside die area.
[WARNING GRT-0041] Net VSS has wires/vias outside die area.
[WARNING GRT-0041] Net VSS has wires/vias outside die area.
[WARNING GRT-0041] Net VSS has wires/vias outside die area.
[WARNING GRT-0041] Net VSS has wires/vias outside die area.
[WARNING GRT-0041] Net VSS has wires/vias outside die area.
[WARNING GRT-0041] Net VSS has wires/vias outside die area.
[WARNING GRT-0041] Net VSS has wires/vias outside die area.
[WARNING GRT-0041] Net VSS has wires/vias outside die area.
[WARNING GRT-0041] Net VSS has wires/vias outside die area.
[WARNING GRT-0041] Net VSS has wires/vias outside die area.
[WARNING GRT-0041] Net VSS has wires/vias outside die area.
[WARNING GRT-0041] Net VSS has wires/vias outside die area.
[WARNING GRT-0041] Net VSS has wires/vias outside die area.
[WARNING GRT-0041] Net VSS has wires/vias outside die area.
[WARNING GRT-0041] Net VSS has wires/vias outside die area.
[WARNING GRT-0041] Net VSS has wires/vias outside die area.
[WARNING GRT-0041] Net VSS has wires/vias outside die area.
[WARNING GRT-0041] Net VSS has wires/vias outside die area.
[WARNING GRT-0041] Net VSS has wires/vias outside die area.
[WARNING GRT-0041] Net VSS has wires/vias outside die area.
[WARNING GRT-0041] Net VSS has wires/vias outside die area.
[WARNING GRT-0041] Net VSS has wires/vias outside die area.
[WARNING GRT-0041] Net VSS has wires/vias outside die area.
[WARNING GRT-0041] Net VSS has wires/vias outside die area.
[WARNING GRT-0041] Net VSS has wires/vias outside die area.
[WARNING GRT-0041] Net VSS has wires/vias outside die area.
[WARNING GRT-0041] Net VSS has wires/vias outside die area.
[WARNING GRT-0041] Net VSS has wires/vias outside die area.
[WARNING GRT-0041] Net VSS has wires/vias outside die area.
[WARNING GRT-0041] Net VSS has wires/vias outside die area.
[WARNING GRT-0041] Net VSS has wires/vias outside die area.
[WARNING GRT-0041] Net VSS has wires/vias outside die area.
[WARNING GRT-0041] Net VSS has wires/vias outside die area.
[WARNING GRT-0041] Net VSS has wires/vias outside die area.
[WARNING GRT-0041] Net VSS has wires/vias outside die area.
[WARNING GRT-0041] Net VSS has wires/vias outside die area.
[WARNING GRT-0041] Net VSS has wires/vias outside die area.
[WARNING GRT-0041] Net VSS has wires/vias outside die area.
[WARNING GRT-0041] Net VSS has wires/vias outside die area.
[WARNING GRT-0041] Net VSS has wires/vias outside die area.
[WARNING GRT-0041] Net VSS has wires/vias outside die area.
[WARNING GRT-0041] Net VSS has wires/vias outside die area.
[WARNING GRT-0041] Net VSS has wires/vias outside die area.
[WARNING GRT-0041] Net VSS has wires/vias outside die area.
[WARNING GRT-0041] Net VSS has wires/vias outside die area.
[WARNING GRT-0041] Net VSS has wires/vias outside die area.
[WARNING GRT-0041] Net VSS has wires/vias outside die area.
[WARNING GRT-0041] Net VSS has wires/vias outside die area.
[WARNING GRT-0041] Net VSS has wires/vias outside die area.
[WARNING GRT-0041] Net VSS has wires/vias outside die area.
[WARNING GRT-0041] Net VSS has wires/vias outside die area.
[WARNING GRT-0041] Net VSS has wires/vias outside die area.
[WARNING GRT-0041] Net VSS has wires/vias outside die area.
[WARNING GRT-0041] Net VSS has wires/vias outside die area.
[WARNING GRT-0041] Net VSS has wires/vias outside die area.
[WARNING GRT-0041] Net VSS has wires/vias outside die area.
[WARNING GRT-0041] Net VSS has wires/vias outside die area.
[WARNING GRT-0041] Net VSS has wires/vias outside die area.
[WARNING GRT-0041] Net VSS has wires/vias outside die area.
[WARNING GRT-0041] Net VSS has wires/vias outside die area.
[WARNING GRT-0041] Net VSS has wires/vias outside die area.
[WARNING GRT-0041] Net VSS has wires/vias outside die area.
[WARNING GRT-0041] Net VSS has wires/vias outside die area.
[WARNING GRT-0041] Net VSS has wires/vias outside die area.
[WARNING GRT-0041] Net VSS has wires/vias outside die area.
[WARNING GRT-0041] Net VSS has wires/vias outside die area.
[WARNING GRT-0041] Net VSS has wires/vias outside die area.
[WARNING GRT-0041] Net VSS has wires/vias outside die area.
[WARNING GRT-0041] Net VSS has wires/vias outside die area.
[WARNING GRT-0041] Net VSS has wires/vias outside die area.
[WARNING GRT-0041] Net VSS has wires/vias outside die area.
[WARNING GRT-0041] Net VSS has wires/vias outside die area.
[WARNING GRT-0041] Net VSS has wires/vias outside die area.
[WARNING GRT-0041] Net VSS has wires/vias outside die area.
[WARNING GRT-0041] Net VSS has wires/vias outside die area.
[WARNING GRT-0041] Net VSS has wires/vias outside die area.
[WARNING GRT-0041] Net VSS has wires/vias outside die area.
[WARNING GRT-0041] Net VSS has wires/vias outside die area.
[WARNING GRT-0041] Net VSS has wires/vias outside die area.
[WARNING GRT-0041] Net VSS has wires/vias outside die area.
[WARNING GRT-0041] Net VSS has wires/vias outside die area.
[WARNING GRT-0041] Net VSS has wires/vias outside die area.
[WARNING GRT-0041] Net VSS has wires/vias outside die area.
[WARNING GRT-0041] Net VSS has wires/vias outside die area.
[WARNING GRT-0041] Net VSS has wires/vias outside die area.
[WARNING GRT-0041] Net VSS has wires/vias outside die area.
[WARNING GRT-0041] Net VSS has wires/vias outside die area.
[WARNING GRT-0041] Net VSS has wires/vias outside die area.
[WARNING GRT-0041] Net VSS has wires/vias outside die area.
[WARNING GRT-0041] Net VSS has wires/vias outside die area.
[WARNING GRT-0041] Net VSS has wires/vias outside die area.
[WARNING GRT-0041] Net VSS has wires/vias outside die area.
[WARNING GRT-0041] Net VSS has wires/vias outside die area.
[WARNING GRT-0041] Net VSS has wires/vias outside die area.
[WARNING GRT-0041] Net VSS has wires/vias outside die area.
[WARNING GRT-0041] Net VSS has wires/vias outside die area.
[WARNING GRT-0041] Net VSS has wires/vias outside die area.
[WARNING GRT-0041] Net VSS has wires/vias outside die area.
[WARNING GRT-0041] Net VSS has wires/vias outside die area.
[WARNING GRT-0041] Net VSS has wires/vias outside die area.
[WARNING GRT-0041] Net VSS has wires/vias outside die area.
[WARNING GRT-0041] Net VSS has wires/vias outside die area.
[WARNING GRT-0041] Net VSS has wires/vias outside die area.
[WARNING GRT-0041] Net VSS has wires/vias outside die area.
[WARNING GRT-0041] Net VSS has wires/vias outside die area.
[WARNING GRT-0041] Net VSS has wires/vias outside die area.
[WARNING GRT-0041] Net VSS has wires/vias outside die area.
[WARNING GRT-0041] Net VSS has wires/vias outside die area.
[WARNING GRT-0041] Net VSS has wires/vias outside die area.
[WARNING GRT-0041] Net VSS has wires/vias outside die area.
[WARNING GRT-0041] Net VSS has wires/vias outside die area.
[WARNING GRT-0041] Net VSS has wires/vias outside die area.
[WARNING GRT-0041] Net VSS has wires/vias outside die area.
[WARNING GRT-0041] Net VSS has wires/vias outside die area.
[WARNING GRT-0041] Net VSS has wires/vias outside die area.
[WARNING GRT-0041] Net VSS has wires/vias outside die area.
[WARNING GRT-0041] Net VSS has wires/vias outside die area.
[WARNING GRT-0041] Net VSS has wires/vias outside die area.
[WARNING GRT-0041] Net VSS has wires/vias outside die area.
[WARNING GRT-0041] Net VSS has wires/vias outside die area.
[WARNING GRT-0041] Net VSS has wires/vias outside die area.
[WARNING GRT-0041] Net VSS has wires/vias outside die area.
[WARNING GRT-0041] Net VSS has wires/vias outside die area.
[WARNING GRT-0041] Net VSS has wires/vias outside die area.
[WARNING GRT-0041] Net VSS has wires/vias outside die area.
[WARNING GRT-0041] Net VSS has wires/vias outside die area.
[WARNING GRT-0041] Net VSS has wires/vias outside die area.
[WARNING GRT-0041] Net VSS has wires/vias outside die area.
[WARNING GRT-0041] Net VSS has wires/vias outside die area.
[WARNING GRT-0041] Net VSS has wires/vias outside die area.
[WARNING GRT-0041] Net VSS has wires/vias outside die area.
[WARNING GRT-0041] Net VSS has wires/vias outside die area.
[WARNING GRT-0041] Net VSS has wires/vias outside die area.
[WARNING GRT-0041] Net VSS has wires/vias outside die area.
[WARNING GRT-0041] Net VSS has wires/vias outside die area.
[WARNING GRT-0041] Net VSS has wires/vias outside die area.
[WARNING GRT-0041] Net VSS has wires/vias outside die area.
[WARNING GRT-0041] Net VSS has wires/vias outside die area.
[WARNING GRT-0041] Net VSS has wires/vias outside die area.
[WARNING GRT-0041] Net VSS has wires/vias outside die area.
[WARNING GRT-0041] Net VSS has wires/vias outside die area.
[WARNING GRT-0041] Net VSS has wires/vias outside die area.
[WARNING GRT-0041] Net VSS has wires/vias outside die area.
[WARNING GRT-0041] Net VSS has wires/vias outside die area.
[WARNING GRT-0041] Net VSS has wires/vias outside die area.
[WARNING GRT-0041] Net VSS has wires/vias outside die area.
[WARNING GRT-0041] Net VSS has wires/vias outside die area.
[WARNING GRT-0041] Net VSS has wires/vias outside die area.
[WARNING GRT-0041] Net VSS has wires/vias outside die area.
[WARNING GRT-0041] Net VSS has wires/vias outside die area.
[WARNING GRT-0041] Net VSS has wires/vias outside die area.
[WARNING GRT-0041] Net VSS has wires/vias outside die area.
[WARNING GRT-0041] Net VSS has wires/vias outside die area.
[WARNING GRT-0041] Net VSS has wires/vias outside die area.
[WARNING GRT-0041] Net VSS has wires/vias outside die area.
[WARNING GRT-0041] Net VSS has wires/vias outside die area.
[WARNING GRT-0041] Net VSS has wires/vias outside die area.
[WARNING GRT-0041] Net VSS has wires/vias outside die area.
[WARNING GRT-0041] Net VSS has wires/vias outside die area.
[WARNING GRT-0041] Net VSS has wires/vias outside die area.
[WARNING GRT-0041] Net VSS has wires/vias outside die area.
[WARNING GRT-0041] Net VSS has wires/vias outside die area.
[WARNING GRT-0041] Net VSS has wires/vias outside die area.
[WARNING GRT-0041] Net VSS has wires/vias outside die area.
[WARNING GRT-0041] Net VSS has wires/vias outside die area.
[WARNING GRT-0041] Net VSS has wires/vias outside die area.
[WARNING GRT-0041] Net VSS has wires/vias outside die area.
[WARNING GRT-0041] Net VSS has wires/vias outside die area.
[WARNING GRT-0041] Net VSS has wires/vias outside die area.
[WARNING GRT-0041] Net VSS has wires/vias outside die area.
[WARNING GRT-0041] Net VSS has wires/vias outside die area.
[WARNING GRT-0041] Net VSS has wires/vias outside die area.
[WARNING GRT-0041] Net VSS has wires/vias outside die area.
[WARNING GRT-0041] Net VSS has wires/vias outside die area.
[WARNING GRT-0041] Net VSS has wires/vias outside die area.
[WARNING GRT-0041] Net VSS has wires/vias outside die area.
[WARNING GRT-0041] Net VSS has wires/vias outside die area.
[WARNING GRT-0041] Net VSS has wires/vias outside die area.
[WARNING GRT-0041] Net VSS has wires/vias outside die area.
[WARNING GRT-0041] Net VSS has wires/vias outside die area.
[WARNING GRT-0041] Net VSS has wires/vias outside die area.
[WARNING GRT-0041] Net VSS has wires/vias outside die area.
[WARNING GRT-0041] Net VSS has wires/vias outside die area.
[WARNING GRT-0041] Net VSS has wires/vias outside die area.
[WARNING GRT-0041] Net VSS has wires/vias outside die area.
[WARNING GRT-0041] Net VSS has wires/vias outside die area.
[WARNING GRT-0041] Net VSS has wires/vias outside die area.
[WARNING GRT-0041] Net VSS has wires/vias outside die area.
[WARNING GRT-0041] Net VSS has wires/vias outside die area.
[WARNING GRT-0041] Net VSS has wires/vias outside die area.
[WARNING GRT-0041] Net VSS has wires/vias outside die area.
[WARNING GRT-0041] Net VSS has wires/vias outside die area.
[WARNING GRT-0041] Net VSS has wires/vias outside die area.
[WARNING GRT-0041] Net VSS has wires/vias outside die area.
[WARNING GRT-0041] Net VSS has wires/vias outside die area.
[WARNING GRT-0041] Net VSS has wires/vias outside die area.
[WARNING GRT-0041] Net VSS has wires/vias outside die area.
[WARNING GRT-0041] Net VSS has wires/vias outside die area.
[WARNING GRT-0041] Net VSS has wires/vias outside die area.
[WARNING GRT-0041] Net VSS has wires/vias outside die area.
[WARNING GRT-0041] Net VSS has wires/vias outside die area.
[WARNING GRT-0041] Net VSS has wires/vias outside die area.
[WARNING GRT-0041] Net VSS has wires/vias outside die area.
[WARNING GRT-0041] Net VSS has wires/vias outside die area.
[WARNING GRT-0041] Net VSS has wires/vias outside die area.
[WARNING GRT-0041] Net VSS has wires/vias outside die area.
[WARNING GRT-0041] Net VSS has wires/vias outside die area.
[WARNING GRT-0041] Net VSS has wires/vias outside die area.
[WARNING GRT-0041] Net VSS has wires/vias outside die area.
[WARNING GRT-0041] Net VSS has wires/vias outside die area.
[WARNING GRT-0041] Net VSS has wires/vias outside die area.
[WARNING GRT-0041] Net VSS has wires/vias outside die area.
[WARNING GRT-0041] Net VSS has wires/vias outside die area.
[WARNING GRT-0041] Net VSS has wires/vias outside die area.
[WARNING GRT-0041] Net VSS has wires/vias outside die area.
[WARNING GRT-0041] Net VSS has wires/vias outside die area.
[WARNING GRT-0041] Net VSS has wires/vias outside die area.
[WARNING GRT-0041] Net VSS has wires/vias outside die area.
[WARNING GRT-0041] Net VSS has wires/vias outside die area.
[WARNING GRT-0041] Net VSS has wires/vias outside die area.
[WARNING GRT-0041] Net VSS has wires/vias outside die area.
[WARNING GRT-0041] Net VSS has wires/vias outside die area.
[WARNING GRT-0041] Net VSS has wires/vias outside die area.
[WARNING GRT-0041] Net VSS has wires/vias outside die area.
[WARNING GRT-0041] Net VSS has wires/vias outside die area.
[WARNING GRT-0041] Net VSS has wires/vias outside die area.
[WARNING GRT-0041] Net VSS has wires/vias outside die area.
[WARNING GRT-0041] Net VSS has wires/vias outside die area.
[WARNING GRT-0041] Net VSS has wires/vias outside die area.
[WARNING GRT-0041] Net VSS has wires/vias outside die area.
[WARNING GRT-0041] Net VSS has wires/vias outside die area.
[WARNING GRT-0041] Net VSS has wires/vias outside die area.
[WARNING GRT-0041] Net VSS has wires/vias outside die area.
[WARNING GRT-0041] Net VSS has wires/vias outside die area.
[WARNING GRT-0041] Net VSS has wires/vias outside die area.
[WARNING GRT-0041] Net VSS has wires/vias outside die area.
[WARNING GRT-0041] Net VSS has wires/vias outside die area.
[WARNING GRT-0041] Net VSS has wires/vias outside die area.
[WARNING GRT-0041] message limit reached, this message will no longer print
[INFO GRT-0043] No OR_DEFAULT vias defined.
[INFO GRT-0004] Blockages: 538

[INFO GRT-0053] Routing resources analysis:
          Routing      Original      Derated      Resource
Layer     Direction    Resources     Resources    Reduction (%)
---------------------------------------------------------------
Metal1     Vertical            0             0          0.00%
Metal2     Horizontal     694880        639448          7.98%
Metal3     Vertical       613070        568725          7.23%
Metal4     Horizontal     694880        648717          6.64%
Metal5     Vertical        81608         40602          50.25%
---------------------------------------------------------------

[INFO GRT-0101] Running extra iterations to remove overflow.
[INFO GRT-0197] Via related to pin nodes: 362326
[INFO GRT-0198] Via related Steiner nodes: 8693
[INFO GRT-0199] Via filling finished.
[INFO GRT-0111] Final number of vias: 450566
[INFO GRT-0112] Final usage 3D: 1658335

[INFO GRT-0096] Final congestion report:
Layer         Resource        Demand        Usage (%)    Max H / Max V / Total Overflow
---------------------------------------------------------------------------------------
Metal1               0             0            0.00%             0 /  0 /  0
Metal2          639448        155224           24.27%             0 /  0 /  0
Metal3          568725        148737           26.15%             0 /  0 /  0
Metal4          648717          1536            0.24%             0 /  0 /  0
Metal5           40602          1140            2.81%             0 /  0 /  0
---------------------------------------------------------------------------------------
Total          1897492        306637           16.16%             0 /  0 /  0

[INFO GRT-0018] Total wirelength: 3327436 um
[INFO GRT-0014] Routed nets: 69795
Report metrics stage 5, global route pre repair design...
Warning: There are 200 unclocked register/latch pins.
Warning: There are 203 unconstrained endpoints.

==========================================================================
global route pre repair design report_design_area
--------------------------------------------------------------------------
Design area 947658 u^2 45% utilization.
Perform buffer insertion...
[INFO RSZ-0058] Using max wire length 15963um.
Report metrics stage 5, global route post repair design...
Warning: There are 200 unclocked register/latch pins.
Warning: There are 203 unconstrained endpoints.

==========================================================================
global route post repair design report_design_area
--------------------------------------------------------------------------
Design area 947658 u^2 45% utilization.
[WARNING DPL-0038] No 1-site fill cells detected.  To remove 1-site gaps use the -disallow_one_site_gaps flag.
Placement Analysis
---------------------------------
total displacement          0.0 u
average displacement        0.0 u
max displacement            0.0 u
original HPWL         1936896.4 u
legalized HPWL        1936896.4 u
delta HPWL                    0 %

Repair setup and hold violations...
[INFO RSZ-0094] Found 56 endpoints with setup violations.
Iteration | Removed | Resized | Inserted | Cloned Gates | Pin Swaps |   WNS   |   TNS   | Endpoint
          | Buffers |         | Buffers  |              |           |         |         |
-------------------------------------------------------------------------------------------------
        0 |       0 |       0 |        0 |            0 |         0 |  -1.780 | -63.609 | mux_I.p08_I.tt_um_I.rbzero.wall_tracer.rcp_fsm.o_data\[4\]$_SDFFE_PN0P_/D
       10 |       0 |       2 |        4 |            0 |         6 |  -1.611 | -59.885 | mux_I.p08_I.tt_um_I.rbzero.wall_tracer.rcp_fsm.o_data\[4\]$_SDFFE_PN0P_/D
       20 |       0 |       4 |        4 |            0 |        14 |  -1.558 | -58.283 | uio_out[5]
       30 |       0 |       4 |        9 |            0 |        22 |  -1.509 | -57.484 | mux_I.p08_I.tt_um_I.rbzero.wall_tracer.rcp_fsm.o_data\[4\]$_SDFFE_PN0P_/D
       40 |       0 |      12 |       11 |            0 |        23 |  -1.369 | -54.221 | mux_I.p08_I.tt_um_I.rbzero.wall_tracer.rcp_fsm.o_data\[4\]$_SDFFE_PN0P_/D
       50 |       0 |      19 |       11 |            0 |        26 |  -1.205 | -50.818 | mux_I.p08_I.tt_um_I.rbzero.wall_tracer.rcp_fsm.o_data\[4\]$_SDFFE_PN0P_/D
       60 |       0 |      23 |       19 |            0 |        30 |  -1.171 | -49.884 | mux_I.p08_I.tt_um_I.rbzero.wall_tracer.rcp_fsm.o_data\[4\]$_SDFFE_PN0P_/D
       70 |       0 |      30 |       19 |            0 |        33 |  -1.085 | -44.003 | mux_I.p08_I.tt_um_I.rbzero.wall_tracer.rcp_fsm.o_data\[4\]$_SDFFE_PN0P_/D
       80 |       0 |      37 |       21 |            0 |        35 |  -0.988 | -40.401 | mux_I.p08_I.tt_um_I.rbzero.wall_tracer.rcp_fsm.o_data\[4\]$_SDFFE_PN0P_/D
       90 |       0 |      43 |       21 |            0 |        39 |  -0.917 | -35.864 | mux_I.p08_I.tt_um_I.rbzero.wall_tracer.rcp_fsm.o_data\[4\]$_SDFFE_PN0P_/D
      100 |       0 |      51 |       24 |            0 |        40 |  -0.858 | -34.009 | mux_I.p08_I.tt_um_I.rbzero.wall_tracer.rcp_fsm.o_data\[4\]$_SDFFE_PN0P_/D
      110 |       0 |      56 |       26 |            0 |        44 |  -0.827 | -31.854 | mux_I.p08_I.tt_um_I.rbzero.wall_tracer.rcp_fsm.o_data\[4\]$_SDFFE_PN0P_/D
      120 |       0 |      62 |       26 |            0 |        48 |  -0.782 | -30.879 | mux_I.p08_I.tt_um_I.rbzero.wall_tracer.rcp_fsm.o_data\[4\]$_SDFFE_PN0P_/D
      130 |       0 |      69 |       28 |            0 |        50 |  -0.725 | -27.613 | mux_I.p08_I.tt_um_I.rbzero.wall_tracer.rcp_fsm.o_data\[4\]$_SDFFE_PN0P_/D
      140 |       0 |      76 |       28 |            0 |        53 |  -0.721 | -26.987 | uio_out[3]
      150 |       0 |      80 |       28 |            0 |        59 |  -0.695 | -26.008 | mux_I.p08_I.tt_um_I.rbzero.wall_tracer.rcp_fsm.o_data\[4\]$_SDFFE_PN0P_/D
      160 |       0 |      81 |       32 |            0 |        66 |  -0.672 | -25.510 | mux_I.p08_I.tt_um_I.rbzero.wall_tracer.rcp_fsm.o_data\[4\]$_SDFFE_PN0P_/D
      170 |       0 |      87 |       34 |            0 |        69 |  -0.630 | -23.720 | uo_out[7]
      180 |       0 |      93 |       38 |            0 |        71 |  -0.614 | -21.987 | mux_I.p08_I.tt_um_I.rbzero.wall_tracer.rcp_fsm.o_data\[4\]$_SDFFE_PN0P_/D
      190 |       0 |      95 |       46 |            0 |        75 |  -0.586 | -21.259 | uo_out[4]
      200 |       0 |     101 |       46 |            0 |        79 |  -0.560 | -19.424 | mux_I.p08_I.tt_um_I.rbzero.wall_tracer.rcp_fsm.o_data\[4\]$_SDFFE_PN0P_/D
      210 |       0 |     110 |       46 |            0 |        80 |  -0.492 | -16.253 | mux_I.p08_I.tt_um_I.rbzero.wall_tracer.rcp_fsm.o_data\[12\]$_SDFFE_PN0P_/D
      220 |       0 |     114 |       48 |            0 |        85 |  -0.502 | -16.468 | mux_I.p08_I.tt_um_I.rbzero.wall_tracer.rcp_fsm.o_data\[12\]$_SDFFE_PN0P_/D
      230 |       0 |     121 |       51 |            0 |        87 |  -0.458 | -15.667 | mux_I.p08_I.tt_um_I.rbzero.wall_tracer.rcp_fsm.o_data\[4\]$_SDFFE_PN0P_/D
      240 |       0 |     130 |       51 |            0 |        88 |  -0.428 | -13.892 | mux_I.p08_I.tt_um_I.rbzero.wall_tracer.rcp_fsm.o_data\[4\]$_SDFFE_PN0P_/D
      241 |       0 |     131 |       51 |            0 |        88 |  -0.425 | -13.828 | mux_I.p08_I.tt_um_I.rbzero.wall_tracer.rcp_fsm.o_data\[4\]$_SDFFE_PN0P_/D
    final |       0 |     131 |       51 |            0 |        88 |  -0.425 | -13.828 | mux_I.p08_I.tt_um_I.rbzero.wall_tracer.rcp_fsm.o_data\[4\]$_SDFFE_PN0P_/D
-------------------------------------------------------------------------------------------------
[INFO RSZ-0040] Inserted 30 buffers.
[INFO RSZ-0041] Resized 131 instances.
[INFO RSZ-0043] Swapped pins on 88 instances.
[WARNING RSZ-0062] Unable to repair all setup violations.
[INFO RSZ-0033] No hold violations found.
Report metrics stage 5, global route post repair timing...
Warning: There are 200 unclocked register/latch pins.
Warning: There are 203 unconstrained endpoints.

==========================================================================
global route post repair timing report_design_area
--------------------------------------------------------------------------
Design area 948786 u^2 45% utilization.
[WARNING DPL-0038] No 1-site fill cells detected.  To remove 1-site gaps use the -disallow_one_site_gaps flag.
Placement Analysis
---------------------------------
total displacement        994.1 u
average displacement        0.0 u
max displacement           20.5 u
original HPWL         1937099.5 u
legalized HPWL        1938091.2 u
delta HPWL                    0 %

Repair antennas...
[WARNING GRT-0246] No diode with LEF class CORE ANTENNACELL found.
[INFO ANT-0002] Found 217 net violations.
[INFO ANT-0001] Found 247 pin violations.
Estimate parasitics...
Report metrics stage 5, global route...
Warning: There are 200 unclocked register/latch pins.
Warning: There are 203 unconstrained endpoints.

==========================================================================
global route report_design_area
--------------------------------------------------------------------------
Design area 948786 u^2 45% utilization.
[INFO FLW-0007] clock core_clock period 10.400001
[INFO FLW-0008] Clock core_clock period 10.317
[INFO FLW-0009] Clock core_clock slack -0.460
[INFO FLW-0011] Path endpoint count 15433
Elapsed time: 9:18.78[h:]min:sec. CPU time: user 555.77 sys 1.62 (99%). Peak memory: 1410248KB.
