OpenROAD v2.0-14511-gedb4e7e37 
Features included (+) or not (-): +Charts +GPU +GUI +Python
This program is licensed under the BSD-3 license. See the LICENSE file for details.
Components of this program may be licensed under more restrictive licenses which must be honored.
[INFO ORD-0030] Using 4 thread(s).
detailed_route -output_drc /work/reports/ihp-sg13g2/tt-muxperiment/base/5_route_drc.rpt -output_maze /work/results/ihp-sg13g2/tt-muxperiment/base/maze.log -bottom_routing_layer Metal2 -top_routing_layer Metal5 -save_guide_updates -verbose 1 -drc_report_iter_step 5
[INFO DRT-0149] Reading tech and libs.
[WARNING DRT-0349] LEF58_ENCLOSURE with no CUTCLASS is not supported. Skipping for layer Cont
[WARNING DRT-0349] LEF58_ENCLOSURE with no CUTCLASS is not supported. Skipping for layer Via1
[WARNING DRT-0349] LEF58_ENCLOSURE with no CUTCLASS is not supported. Skipping for layer Via1
[WARNING DRT-0349] LEF58_ENCLOSURE with no CUTCLASS is not supported. Skipping for layer Via2
[WARNING DRT-0349] LEF58_ENCLOSURE with no CUTCLASS is not supported. Skipping for layer Via3
[WARNING DRT-0349] LEF58_ENCLOSURE with no CUTCLASS is not supported. Skipping for layer Via4
[WARNING DRT-0349] LEF58_ENCLOSURE with no CUTCLASS is not supported. Skipping for layer TopVia1
[WARNING DRT-0349] LEF58_ENCLOSURE with no CUTCLASS is not supported. Skipping for layer TopVia1
[WARNING DRT-0349] LEF58_ENCLOSURE with no CUTCLASS is not supported. Skipping for layer TopVia2
[WARNING DRT-0349] LEF58_ENCLOSURE with no CUTCLASS is not supported. Skipping for layer TopVia2

Units:                1000
Number of layers:     15
Number of macros:     78
Number of vias:       312
Number of viarulegen: 6

[INFO DRT-0150] Reading design.

Design:                   tt_top
Die area:                 ( 0 0 ) ( 1457190 1457190 )
Number of track patterns: 14
Number of DEF vias:       0
Number of components:     217153
Number of terminals:      47
Number of snets:          2
Number of nets:           76120

[INFO DRT-0167] List of default vias:
  Layer Via2
    default via: Via2_YX_so
  Layer Via3
    default via: Via3_YX_so
  Layer Via4
    default via: Via4_YX_so
  Layer TopVia1
    default via: TopVia1EWNS
  Layer TopVia2
    default via: TopVia2EWNS
[INFO DRT-0162] Library cell analysis.
[INFO DRT-0163] Instance analysis.
  Complete 100000 instances.
  Complete 200000 instances.
[INFO DRT-0164] Number of unique instances = 118.
[INFO DRT-0168] Init region query.
[INFO DRT-0018]   Complete 100000 insts.
[INFO DRT-0018]   Complete 200000 insts.
[INFO DRT-0024]   Complete GatPoly.
[INFO DRT-0024]   Complete Cont.
[INFO DRT-0024]   Complete Metal1.
[INFO DRT-0024]   Complete Via1.
[INFO DRT-0024]   Complete Metal2.
[INFO DRT-0024]   Complete Via2.
[INFO DRT-0024]   Complete Metal3.
[INFO DRT-0024]   Complete Via3.
[INFO DRT-0024]   Complete Metal4.
[INFO DRT-0024]   Complete Via4.
[INFO DRT-0024]   Complete Metal5.
[INFO DRT-0024]   Complete TopVia1.
[INFO DRT-0024]   Complete TopMetal1.
[INFO DRT-0024]   Complete TopVia2.
[INFO DRT-0024]   Complete TopMetal2.
[INFO DRT-0033] GatPoly shape region query size = 0.
[INFO DRT-0033] Cont shape region query size = 0.
[INFO DRT-0033] Metal1 shape region query size = 2101566.
[INFO DRT-0033] Via1 shape region query size = 78073.
[INFO DRT-0033] Metal2 shape region query size = 47467.
[INFO DRT-0033] Via2 shape region query size = 46780.
[INFO DRT-0033] Metal3 shape region query size = 16572.
[INFO DRT-0033] Via3 shape region query size = 46780.
[INFO DRT-0033] Metal4 shape region query size = 16556.
[INFO DRT-0033] Via4 shape region query size = 46780.
[INFO DRT-0033] Metal5 shape region query size = 9246.
[INFO DRT-0033] TopVia1 shape region query size = 2892.
[INFO DRT-0033] TopMetal1 shape region query size = 968.
[INFO DRT-0033] TopVia2 shape region query size = 0.
[INFO DRT-0033] TopMetal2 shape region query size = 0.
[INFO DRT-0165] Start pin access.
[INFO DRT-0078]   Complete 377 pins.
[INFO DRT-0079]   Complete 100 unique inst patterns.
[INFO DRT-0081]   Complete 118 unique inst patterns.
[INFO DRT-0082]   Complete 10000 groups.
[INFO DRT-0082]   Complete 20000 groups.
[INFO DRT-0082]   Complete 30000 groups.
[INFO DRT-0082]   Complete 40000 groups.
[INFO DRT-0082]   Complete 50000 groups.
[INFO DRT-0082]   Complete 60000 groups.
[INFO DRT-0084]   Complete 68983 groups.
#scanned instances     = 217153
#unique  instances     = 118
#stdCellGenAp          = 4087
#stdCellValidPlanarAp  = 92
#stdCellValidViaAp     = 2862
#stdCellPinNoAp        = 0
#stdCellPinCnt         = 225303
#instTermValidViaApCnt = 0
#macroGenAp            = 0
#macroValidPlanarAp    = 0
#macroValidViaAp       = 0
#macroNoAp             = 0
[INFO DRT-0166] Complete pin access.
[INFO DRT-0267] cpu time = 00:00:24, elapsed time = 00:00:06, memory = 604.47 (MB), peak = 649.43 (MB)
[INFO DRT-0156] guideIn read 100000 guides.
[INFO DRT-0156] guideIn read 200000 guides.
[INFO DRT-0156] guideIn read 300000 guides.
[INFO DRT-0156] guideIn read 400000 guides.

Number of guides:     489893

[INFO DRT-0169] Post process guides.
[INFO DRT-0176] GCELLGRID X 0 DO 202 STEP 7200 ;
[INFO DRT-0177] GCELLGRID Y 0 DO 202 STEP 7200 ;
[INFO DRT-0026]   Complete 100000 origin guides.
[INFO DRT-0026]   Complete 200000 origin guides.
[INFO DRT-0026]   Complete 300000 origin guides.
[INFO DRT-0026]   Complete 400000 origin guides.
[INFO DRT-0028]   Complete GatPoly.
[INFO DRT-0028]   Complete Cont.
[INFO DRT-0028]   Complete Metal1.
[INFO DRT-0028]   Complete Via1.
[INFO DRT-0028]   Complete Metal2.
[INFO DRT-0028]   Complete Via2.
[INFO DRT-0028]   Complete Metal3.
[INFO DRT-0028]   Complete Via3.
[INFO DRT-0028]   Complete Metal4.
[INFO DRT-0028]   Complete Via4.
[INFO DRT-0028]   Complete Metal5.
[INFO DRT-0028]   Complete TopVia1.
[INFO DRT-0028]   Complete TopMetal1.
[INFO DRT-0028]   Complete TopVia2.
[INFO DRT-0028]   Complete TopMetal2.
[INFO DRT-0178] Init guide query.
[INFO DRT-0035]   Complete GatPoly (guide).
[INFO DRT-0035]   Complete Cont (guide).
[INFO DRT-0035]   Complete Metal1 (guide).
[INFO DRT-0035]   Complete Via1 (guide).
[INFO DRT-0035]   Complete Metal2 (guide).
[INFO DRT-0035]   Complete Via2 (guide).
[INFO DRT-0035]   Complete Metal3 (guide).
[INFO DRT-0035]   Complete Via3 (guide).
[INFO DRT-0035]   Complete Metal4 (guide).
[INFO DRT-0035]   Complete Via4 (guide).
[INFO DRT-0035]   Complete Metal5 (guide).
[INFO DRT-0035]   Complete TopVia1 (guide).
[INFO DRT-0035]   Complete TopMetal1 (guide).
[INFO DRT-0035]   Complete TopVia2 (guide).
[INFO DRT-0035]   Complete TopMetal2 (guide).
[INFO DRT-0036] GatPoly guide region query size = 0.
[INFO DRT-0036] Cont guide region query size = 0.
[INFO DRT-0036] Metal1 guide region query size = 176100.
[INFO DRT-0036] Via1 guide region query size = 0.
[INFO DRT-0036] Metal2 guide region query size = 137726.
[INFO DRT-0036] Via2 guide region query size = 0.
[INFO DRT-0036] Metal3 guide region query size = 70830.
[INFO DRT-0036] Via3 guide region query size = 0.
[INFO DRT-0036] Metal4 guide region query size = 194.
[INFO DRT-0036] Via4 guide region query size = 0.
[INFO DRT-0036] Metal5 guide region query size = 69.
[INFO DRT-0036] TopVia1 guide region query size = 0.
[INFO DRT-0036] TopMetal1 guide region query size = 0.
[INFO DRT-0036] TopVia2 guide region query size = 0.
[INFO DRT-0036] TopMetal2 guide region query size = 0.
[INFO DRT-0179] Init gr pin query.
[INFO DRT-0185] Post process initialize RPin region query.
[INFO DRT-0181] Start track assignment.
[INFO DRT-0184] Done with 246999 vertical wires in 5 frboxes and 137920 horizontal wires in 5 frboxes.
[INFO DRT-0186] Done with 52346 vertical wires in 5 frboxes and 47785 horizontal wires in 5 frboxes.
[INFO DRT-0182] Complete track assignment.
[INFO DRT-0267] cpu time = 00:01:06, elapsed time = 00:00:20, memory = 1441.75 (MB), peak = 1533.49 (MB)
[INFO DRT-0187] Start routing data preparation.
[INFO DRT-0267] cpu time = 00:00:00, elapsed time = 00:00:00, memory = 1441.75 (MB), peak = 1533.49 (MB)
[INFO DRT-0194] Start detail routing.
[INFO DRT-0195] Start 0th optimization iteration.
    Completing 10% with 0 violations.
    elapsed time = 00:02:29, memory = 1359.16 (MB).
    Completing 20% with 0 violations.
    elapsed time = 00:04:30, memory = 1772.66 (MB).
    Completing 30% with 6105 violations.
    elapsed time = 00:06:58, memory = 2031.29 (MB).
    Completing 40% with 6105 violations.
    elapsed time = 00:09:48, memory = 2019.75 (MB).
    Completing 50% with 6105 violations.
    elapsed time = 00:14:00, memory = 1795.86 (MB).
    Completing 60% with 12668 violations.
    elapsed time = 00:16:48, memory = 1893.25 (MB).
    Completing 70% with 12668 violations.
    elapsed time = 00:19:33, memory = 1943.18 (MB).
    Completing 80% with 18898 violations.
    elapsed time = 00:22:30, memory = 2107.94 (MB).
    Completing 90% with 18898 violations.
    elapsed time = 00:25:32, memory = 2085.73 (MB).
    Completing 100% with 25637 violations.
    elapsed time = 00:29:29, memory = 2210.38 (MB).
[INFO DRT-0199]   Number of violations = 33955.
Viol/Layer      Metal1   Via1 Metal2   Via2 Metal3   Via3 Metal4
Metal Spacing      230      0   9723      0    297      0      5
Recheck             18      0   5258      0   2943      0     99
Short                0     17  13957     65   1315      8     20
[INFO DRT-0267] cpu time = 01:36:48, elapsed time = 00:29:32, memory = 2241.41 (MB), peak = 2358.52 (MB)
Total wire length = 2309684 um.
Total wire length on LAYER Metal1 = 0 um.
Total wire length on LAYER Metal2 = 1207164 um.
Total wire length on LAYER Metal3 = 1054768 um.
Total wire length on LAYER Metal4 = 36715 um.
Total wire length on LAYER Metal5 = 11036 um.
Total wire length on LAYER TopMetal1 = 0 um.
Total wire length on LAYER TopMetal2 = 0 um.
Total number of vias = 428847.
Up-via summary (total 428847):

--------------------
   GatPoly         0
    Metal1    211190
    Metal2    208410
    Metal3      8650
    Metal4       597
    Metal5         0
 TopMetal1         0
--------------------
              428847


[INFO DRT-0195] Start 1st optimization iteration.
    Completing 10% with 33955 violations.
    elapsed time = 00:02:13, memory = 2306.93 (MB).
    Completing 20% with 33955 violations.
    elapsed time = 00:05:17, memory = 2150.65 (MB).
    Completing 30% with 28750 violations.
    elapsed time = 00:08:07, memory = 2411.81 (MB).
    Completing 40% with 28750 violations.
    elapsed time = 00:11:21, memory = 2443.55 (MB).
    Completing 50% with 28750 violations.
    elapsed time = 00:14:15, memory = 2397.46 (MB).
    Completing 60% with 24129 violations.
    elapsed time = 00:16:34, memory = 2464.55 (MB).
    Completing 70% with 24129 violations.
    elapsed time = 00:18:57, memory = 2470.19 (MB).
    Completing 80% with 18291 violations.
    elapsed time = 00:21:48, memory = 2483.60 (MB).
    Completing 90% with 18291 violations.
    elapsed time = 00:24:14, memory = 2552.25 (MB).
    Completing 100% with 13099 violations.
    elapsed time = 00:26:59, memory = 2387.80 (MB).
[INFO DRT-0199]   Number of violations = 13128.
Viol/Layer      Metal1 Metal2   Via2 Metal3 Metal4
Metal Spacing        2   5653      0    201      3
NS Metal             0      2      0      0      0
Recheck              1     26      0      2      0
Short                0   6739      2    467     30
[INFO DRT-0267] cpu time = 01:30:20, elapsed time = 00:27:02, memory = 2424.55 (MB), peak = 2628.55 (MB)
Total wire length = 2296260 um.
Total wire length on LAYER Metal1 = 0 um.
Total wire length on LAYER Metal2 = 1193667 um.
Total wire length on LAYER Metal3 = 1049006 um.
Total wire length on LAYER Metal4 = 42009 um.
Total wire length on LAYER Metal5 = 11578 um.
Total wire length on LAYER TopMetal1 = 0 um.
Total wire length on LAYER TopMetal2 = 0 um.
Total number of vias = 425986.
Up-via summary (total 425986):

--------------------
   GatPoly         0
    Metal1    211118
    Metal2    204857
    Metal3      9331
    Metal4       680
    Metal5         0
 TopMetal1         0
--------------------
              425986


[INFO DRT-0195] Start 2nd optimization iteration.
    Completing 10% with 13128 violations.
    elapsed time = 00:01:50, memory = 2505.32 (MB).
    Completing 20% with 13128 violations.
    elapsed time = 00:04:28, memory = 2468.22 (MB).
    Completing 30% with 12958 violations.
    elapsed time = 00:06:57, memory = 2467.86 (MB).
    Completing 40% with 12958 violations.
    elapsed time = 00:09:13, memory = 2522.01 (MB).
    Completing 50% with 12958 violations.
    elapsed time = 00:11:50, memory = 2440.91 (MB).
    Completing 60% with 12734 violations.
    elapsed time = 00:13:51, memory = 2525.06 (MB).
    Completing 70% with 12734 violations.
    elapsed time = 00:16:07, memory = 2451.16 (MB).
    Completing 80% with 12544 violations.
    elapsed time = 00:19:00, memory = 2460.32 (MB).
    Completing 90% with 12544 violations.
    elapsed time = 00:20:59, memory = 2512.96 (MB).
    Completing 100% with 12154 violations.
    elapsed time = 00:23:35, memory = 2423.50 (MB).
[INFO DRT-0199]   Number of violations = 12172.
Viol/Layer      Metal1 Metal2   Via2 Metal3 Metal4
Cut Spacing          0      0      1      0      0
Metal Spacing        2   5512      0    177      8
NS Metal             0      1      0      0      0
Recheck              1     17      0      0      0
Short                0   6066      0    382      5
[INFO DRT-0267] cpu time = 01:26:17, elapsed time = 00:23:38, memory = 2423.62 (MB), peak = 2705.22 (MB)
Total wire length = 2292118 um.
Total wire length on LAYER Metal1 = 0 um.
Total wire length on LAYER Metal2 = 1190164 um.
Total wire length on LAYER Metal3 = 1048117 um.
Total wire length on LAYER Metal4 = 42388 um.
Total wire length on LAYER Metal5 = 11447 um.
Total wire length on LAYER TopMetal1 = 0 um.
Total wire length on LAYER TopMetal2 = 0 um.
Total number of vias = 423949.
Up-via summary (total 423949):

--------------------
   GatPoly         0
    Metal1    211127
    Metal2    203039
    Metal3      9113
    Metal4       670
    Metal5         0
 TopMetal1         0
--------------------
              423949


[INFO DRT-0195] Start 3rd optimization iteration.
    Completing 10% with 12172 violations.
    elapsed time = 00:01:18, memory = 2477.07 (MB).
    Completing 20% with 12172 violations.
    elapsed time = 00:02:37, memory = 2493.43 (MB).
    Completing 30% with 9487 violations.
    elapsed time = 00:04:10, memory = 2534.62 (MB).
    Completing 40% with 9487 violations.
    elapsed time = 00:06:07, memory = 2619.29 (MB).
    Completing 50% with 9487 violations.
    elapsed time = 00:08:16, memory = 2685.66 (MB).
    Completing 60% with 6566 violations.
    elapsed time = 00:09:35, memory = 2529.25 (MB).
    Completing 70% with 6566 violations.
    elapsed time = 00:11:14, memory = 2556.91 (MB).
    Completing 80% with 4337 violations.
    elapsed time = 00:13:05, memory = 2502.38 (MB).
    Completing 90% with 4337 violations.
    elapsed time = 00:14:38, memory = 2544.98 (MB).
    Completing 100% with 1415 violations.
    elapsed time = 00:17:03, memory = 2423.30 (MB).
[INFO DRT-0199]   Number of violations = 1432.
Viol/Layer      Metal2   Via2 Metal3 Metal4 Metal5
Metal Spacing      794      0     23      2      1
Recheck             12      0      4      1      0
Short              560      1     29      5      0
[INFO DRT-0267] cpu time = 01:03:41, elapsed time = 00:17:04, memory = 2423.30 (MB), peak = 2733.84 (MB)
Total wire length = 2287529 um.
Total wire length on LAYER Metal1 = 0 um.
Total wire length on LAYER Metal2 = 1107246 um.
Total wire length on LAYER Metal3 = 1047168 um.
Total wire length on LAYER Metal4 = 117013 um.
Total wire length on LAYER Metal5 = 16100 um.
Total wire length on LAYER TopMetal1 = 0 um.
Total wire length on LAYER TopMetal2 = 0 um.
Total number of vias = 434546.
Up-via summary (total 434546):

--------------------
   GatPoly         0
    Metal1    211127
    Metal2    202569
    Metal3     19676
    Metal4      1174
    Metal5         0
 TopMetal1         0
--------------------
              434546


[INFO DRT-0195] Start 4th optimization iteration.
    Completing 10% with 1432 violations.
    elapsed time = 00:00:04, memory = 2482.34 (MB).
    Completing 20% with 1432 violations.
    elapsed time = 00:00:13, memory = 2552.54 (MB).
    Completing 30% with 1102 violations.
    elapsed time = 00:00:49, memory = 2487.77 (MB).
    Completing 40% with 1102 violations.
    elapsed time = 00:01:22, memory = 2576.25 (MB).
    Completing 50% with 1102 violations.
    elapsed time = 00:01:43, memory = 2589.94 (MB).
    Completing 60% with 711 violations.
    elapsed time = 00:01:58, memory = 2471.95 (MB).
    Completing 70% with 711 violations.
    elapsed time = 00:02:27, memory = 2448.21 (MB).
    Completing 80% with 401 violations.
    elapsed time = 00:02:52, memory = 2405.74 (MB).
    Completing 90% with 401 violations.
    elapsed time = 00:03:14, memory = 2538.24 (MB).
    Completing 100% with 186 violations.
    elapsed time = 00:03:43, memory = 2395.19 (MB).
[INFO DRT-0199]   Number of violations = 189.
Viol/Layer      Metal2 Metal3
Metal Spacing       88      5
Recheck              2      1
Short               88      5
[INFO DRT-0267] cpu time = 00:12:18, elapsed time = 00:03:43, memory = 2395.31 (MB), peak = 2733.84 (MB)
Total wire length = 2287150 um.
Total wire length on LAYER Metal1 = 0 um.
Total wire length on LAYER Metal2 = 1103696 um.
Total wire length on LAYER Metal3 = 1046881 um.
Total wire length on LAYER Metal4 = 120172 um.
Total wire length on LAYER Metal5 = 16400 um.
Total wire length on LAYER TopMetal1 = 0 um.
Total wire length on LAYER TopMetal2 = 0 um.
Total number of vias = 434794.
Up-via summary (total 434794):

--------------------
   GatPoly         0
    Metal1    211128
    Metal2    202399
    Metal3     20057
    Metal4      1210
    Metal5         0
 TopMetal1         0
--------------------
              434794


[INFO DRT-0195] Start 5th optimization iteration.
    Completing 10% with 189 violations.
    elapsed time = 00:00:00, memory = 2395.31 (MB).
    Completing 20% with 189 violations.
    elapsed time = 00:00:01, memory = 2442.18 (MB).
    Completing 30% with 173 violations.
    elapsed time = 00:00:23, memory = 2405.63 (MB).
    Completing 40% with 173 violations.
    elapsed time = 00:00:25, memory = 2518.31 (MB).
    Completing 50% with 173 violations.
    elapsed time = 00:00:47, memory = 2405.46 (MB).
    Completing 60% with 128 violations.
    elapsed time = 00:00:48, memory = 2446.89 (MB).
    Completing 70% with 128 violations.
    elapsed time = 00:00:55, memory = 2405.40 (MB).
    Completing 80% with 72 violations.
    elapsed time = 00:01:11, memory = 2405.31 (MB).
    Completing 90% with 72 violations.
    elapsed time = 00:01:11, memory = 2405.31 (MB).
    Completing 100% with 42 violations.
    elapsed time = 00:01:16, memory = 2405.42 (MB).
[INFO DRT-0199]   Number of violations = 42.
Viol/Layer      Metal2 Metal3
Metal Spacing       27      1
Short               14      0
[INFO DRT-0267] cpu time = 00:03:06, elapsed time = 00:01:16, memory = 2405.42 (MB), peak = 2733.84 (MB)
Total wire length = 2287135 um.
Total wire length on LAYER Metal1 = 0 um.
Total wire length on LAYER Metal2 = 1103401 um.
Total wire length on LAYER Metal3 = 1046857 um.
Total wire length on LAYER Metal4 = 120461 um.
Total wire length on LAYER Metal5 = 16413 um.
Total wire length on LAYER TopMetal1 = 0 um.
Total wire length on LAYER TopMetal2 = 0 um.
Total number of vias = 434797.
Up-via summary (total 434797):

--------------------
   GatPoly         0
    Metal1    211128
    Metal2    202396
    Metal3     20065
    Metal4      1208
    Metal5         0
 TopMetal1         0
--------------------
              434797


[INFO DRT-0195] Start 6th optimization iteration.
    Completing 10% with 42 violations.
    elapsed time = 00:00:00, memory = 2407.33 (MB).
    Completing 20% with 42 violations.
    elapsed time = 00:00:00, memory = 2407.33 (MB).
    Completing 30% with 42 violations.
    elapsed time = 00:00:00, memory = 2407.33 (MB).
    Completing 40% with 42 violations.
    elapsed time = 00:00:00, memory = 2407.33 (MB).
    Completing 50% with 42 violations.
    elapsed time = 00:00:06, memory = 2407.48 (MB).
    Completing 60% with 23 violations.
    elapsed time = 00:00:06, memory = 2407.48 (MB).
    Completing 70% with 23 violations.
    elapsed time = 00:00:07, memory = 2441.61 (MB).
    Completing 80% with 3 violations.
    elapsed time = 00:00:21, memory = 2407.42 (MB).
    Completing 90% with 3 violations.
    elapsed time = 00:00:21, memory = 2407.42 (MB).
    Completing 100% with 2 violations.
    elapsed time = 00:00:22, memory = 2407.36 (MB).
[INFO DRT-0199]   Number of violations = 2.
Viol/Layer      Metal2
Metal Spacing        2
[INFO DRT-0267] cpu time = 00:00:33, elapsed time = 00:00:22, memory = 2407.36 (MB), peak = 2733.84 (MB)
Total wire length = 2287108 um.
Total wire length on LAYER Metal1 = 0 um.
Total wire length on LAYER Metal2 = 1103254 um.
Total wire length on LAYER Metal3 = 1046861 um.
Total wire length on LAYER Metal4 = 120575 um.
Total wire length on LAYER Metal5 = 16416 um.
Total wire length on LAYER TopMetal1 = 0 um.
Total wire length on LAYER TopMetal2 = 0 um.
Total number of vias = 434811.
Up-via summary (total 434811):

--------------------
   GatPoly         0
    Metal1    211128
    Metal2    202393
    Metal3     20081
    Metal4      1209
    Metal5         0
 TopMetal1         0
--------------------
              434811


[INFO DRT-0195] Start 7th optimization iteration.
    Completing 10% with 2 violations.
    elapsed time = 00:00:00, memory = 2407.36 (MB).
    Completing 20% with 2 violations.
    elapsed time = 00:00:00, memory = 2407.36 (MB).
    Completing 30% with 2 violations.
    elapsed time = 00:00:01, memory = 2407.36 (MB).
    Completing 40% with 2 violations.
    elapsed time = 00:00:01, memory = 2407.36 (MB).
    Completing 50% with 2 violations.
    elapsed time = 00:00:01, memory = 2407.36 (MB).
    Completing 60% with 2 violations.
    elapsed time = 00:00:01, memory = 2407.36 (MB).
    Completing 70% with 2 violations.
    elapsed time = 00:00:01, memory = 2407.36 (MB).
    Completing 80% with 2 violations.
    elapsed time = 00:00:01, memory = 2407.36 (MB).
    Completing 90% with 2 violations.
    elapsed time = 00:00:01, memory = 2407.36 (MB).
    Completing 100% with 2 violations.
    elapsed time = 00:00:01, memory = 2407.36 (MB).
[INFO DRT-0199]   Number of violations = 2.
Viol/Layer      Metal2
Metal Spacing        2
[INFO DRT-0267] cpu time = 00:00:02, elapsed time = 00:00:01, memory = 2407.36 (MB), peak = 2733.84 (MB)
Total wire length = 2287108 um.
Total wire length on LAYER Metal1 = 0 um.
Total wire length on LAYER Metal2 = 1103254 um.
Total wire length on LAYER Metal3 = 1046861 um.
Total wire length on LAYER Metal4 = 120575 um.
Total wire length on LAYER Metal5 = 16416 um.
Total wire length on LAYER TopMetal1 = 0 um.
Total wire length on LAYER TopMetal2 = 0 um.
Total number of vias = 434811.
Up-via summary (total 434811):

--------------------
   GatPoly         0
    Metal1    211128
    Metal2    202393
    Metal3     20081
    Metal4      1209
    Metal5         0
 TopMetal1         0
--------------------
              434811


[INFO DRT-0195] Start 8th optimization iteration.
    Completing 10% with 2 violations.
    elapsed time = 00:00:00, memory = 2407.36 (MB).
    Completing 20% with 2 violations.
    elapsed time = 00:00:00, memory = 2407.36 (MB).
    Completing 30% with 2 violations.
    elapsed time = 00:00:01, memory = 2407.36 (MB).
    Completing 40% with 2 violations.
    elapsed time = 00:00:01, memory = 2407.36 (MB).
    Completing 50% with 2 violations.
    elapsed time = 00:00:01, memory = 2407.36 (MB).
    Completing 60% with 2 violations.
    elapsed time = 00:00:01, memory = 2407.36 (MB).
    Completing 70% with 2 violations.
    elapsed time = 00:00:01, memory = 2407.36 (MB).
    Completing 80% with 2 violations.
    elapsed time = 00:00:01, memory = 2407.36 (MB).
    Completing 90% with 2 violations.
    elapsed time = 00:00:01, memory = 2407.36 (MB).
    Completing 100% with 2 violations.
    elapsed time = 00:00:01, memory = 2407.36 (MB).
[INFO DRT-0199]   Number of violations = 2.
Viol/Layer      Metal2
Metal Spacing        2
[INFO DRT-0267] cpu time = 00:00:01, elapsed time = 00:00:01, memory = 2407.36 (MB), peak = 2733.84 (MB)
Total wire length = 2287108 um.
Total wire length on LAYER Metal1 = 0 um.
Total wire length on LAYER Metal2 = 1103254 um.
Total wire length on LAYER Metal3 = 1046861 um.
Total wire length on LAYER Metal4 = 120575 um.
Total wire length on LAYER Metal5 = 16416 um.
Total wire length on LAYER TopMetal1 = 0 um.
Total wire length on LAYER TopMetal2 = 0 um.
Total number of vias = 434811.
Up-via summary (total 434811):

--------------------
   GatPoly         0
    Metal1    211128
    Metal2    202393
    Metal3     20081
    Metal4      1209
    Metal5         0
 TopMetal1         0
--------------------
              434811


[INFO DRT-0195] Start 9th optimization iteration.
    Completing 10% with 2 violations.
    elapsed time = 00:00:00, memory = 2407.36 (MB).
    Completing 20% with 2 violations.
    elapsed time = 00:00:00, memory = 2407.36 (MB).
    Completing 30% with 2 violations.
    elapsed time = 00:00:00, memory = 2407.36 (MB).
    Completing 40% with 2 violations.
    elapsed time = 00:00:00, memory = 2407.36 (MB).
    Completing 50% with 2 violations.
    elapsed time = 00:00:00, memory = 2407.36 (MB).
    Completing 60% with 2 violations.
    elapsed time = 00:00:00, memory = 2407.36 (MB).
    Completing 70% with 2 violations.
    elapsed time = 00:00:00, memory = 2407.36 (MB).
    Completing 80% with 2 violations.
    elapsed time = 00:00:00, memory = 2407.36 (MB).
    Completing 90% with 2 violations.
    elapsed time = 00:00:00, memory = 2407.36 (MB).
    Completing 100% with 2 violations.
    elapsed time = 00:00:00, memory = 2407.36 (MB).
[INFO DRT-0199]   Number of violations = 2.
Viol/Layer      Metal2
Metal Spacing        2
[INFO DRT-0267] cpu time = 00:00:01, elapsed time = 00:00:00, memory = 2407.36 (MB), peak = 2733.84 (MB)
Total wire length = 2287108 um.
Total wire length on LAYER Metal1 = 0 um.
Total wire length on LAYER Metal2 = 1103254 um.
Total wire length on LAYER Metal3 = 1046861 um.
Total wire length on LAYER Metal4 = 120575 um.
Total wire length on LAYER Metal5 = 16416 um.
Total wire length on LAYER TopMetal1 = 0 um.
Total wire length on LAYER TopMetal2 = 0 um.
Total number of vias = 434811.
Up-via summary (total 434811):

--------------------
   GatPoly         0
    Metal1    211128
    Metal2    202393
    Metal3     20081
    Metal4      1209
    Metal5         0
 TopMetal1         0
--------------------
              434811


[INFO DRT-0195] Start 10th optimization iteration.
    Completing 10% with 2 violations.
    elapsed time = 00:00:00, memory = 2407.36 (MB).
    Completing 20% with 2 violations.
    elapsed time = 00:00:00, memory = 2407.36 (MB).
    Completing 30% with 2 violations.
    elapsed time = 00:00:00, memory = 2407.36 (MB).
    Completing 40% with 2 violations.
    elapsed time = 00:00:00, memory = 2407.36 (MB).
    Completing 50% with 2 violations.
    elapsed time = 00:00:00, memory = 2407.36 (MB).
    Completing 60% with 2 violations.
    elapsed time = 00:00:00, memory = 2407.36 (MB).
    Completing 70% with 2 violations.
    elapsed time = 00:00:00, memory = 2407.36 (MB).
    Completing 80% with 1 violations.
    elapsed time = 00:00:02, memory = 2407.33 (MB).
    Completing 90% with 1 violations.
    elapsed time = 00:00:02, memory = 2407.33 (MB).
    Completing 100% with 1 violations.
    elapsed time = 00:00:02, memory = 2407.33 (MB).
[INFO DRT-0199]   Number of violations = 1.
Viol/Layer      Metal2
Metal Spacing        1
[INFO DRT-0267] cpu time = 00:00:03, elapsed time = 00:00:02, memory = 2407.33 (MB), peak = 2733.84 (MB)
Total wire length = 2287108 um.
Total wire length on LAYER Metal1 = 0 um.
Total wire length on LAYER Metal2 = 1103259 um.
Total wire length on LAYER Metal3 = 1046860 um.
Total wire length on LAYER Metal4 = 120571 um.
Total wire length on LAYER Metal5 = 16416 um.
Total wire length on LAYER TopMetal1 = 0 um.
Total wire length on LAYER TopMetal2 = 0 um.
Total number of vias = 434808.
Up-via summary (total 434808):

--------------------
   GatPoly         0
    Metal1    211128
    Metal2    202392
    Metal3     20079
    Metal4      1209
    Metal5         0
 TopMetal1         0
--------------------
              434808


[INFO DRT-0195] Start 11th optimization iteration.
    Completing 10% with 1 violations.
    elapsed time = 00:00:00, memory = 2407.33 (MB).
    Completing 20% with 1 violations.
    elapsed time = 00:00:00, memory = 2407.33 (MB).
    Completing 30% with 1 violations.
    elapsed time = 00:00:00, memory = 2407.33 (MB).
    Completing 40% with 1 violations.
    elapsed time = 00:00:00, memory = 2407.33 (MB).
    Completing 50% with 1 violations.
    elapsed time = 00:00:00, memory = 2407.33 (MB).
    Completing 60% with 1 violations.
    elapsed time = 00:00:00, memory = 2407.33 (MB).
    Completing 70% with 1 violations.
    elapsed time = 00:00:00, memory = 2407.33 (MB).
    Completing 80% with 0 violations.
    elapsed time = 00:00:00, memory = 2407.33 (MB).
    Completing 90% with 0 violations.
    elapsed time = 00:00:00, memory = 2407.33 (MB).
    Completing 100% with 0 violations.
    elapsed time = 00:00:00, memory = 2407.33 (MB).
[INFO DRT-0199]   Number of violations = 0.
[INFO DRT-0267] cpu time = 00:00:00, elapsed time = 00:00:00, memory = 2407.33 (MB), peak = 2733.84 (MB)
Total wire length = 2287109 um.
Total wire length on LAYER Metal1 = 0 um.
Total wire length on LAYER Metal2 = 1103258 um.
Total wire length on LAYER Metal3 = 1046860 um.
Total wire length on LAYER Metal4 = 120573 um.
Total wire length on LAYER Metal5 = 16416 um.
Total wire length on LAYER TopMetal1 = 0 um.
Total wire length on LAYER TopMetal2 = 0 um.
Total number of vias = 434811.
Up-via summary (total 434811):

--------------------
   GatPoly         0
    Metal1    211128
    Metal2    202393
    Metal3     20081
    Metal4      1209
    Metal5         0
 TopMetal1         0
--------------------
              434811


[INFO DRT-0198] Complete detail routing.
Total wire length = 2287109 um.
Total wire length on LAYER Metal1 = 0 um.
Total wire length on LAYER Metal2 = 1103258 um.
Total wire length on LAYER Metal3 = 1046860 um.
Total wire length on LAYER Metal4 = 120573 um.
Total wire length on LAYER Metal5 = 16416 um.
Total wire length on LAYER TopMetal1 = 0 um.
Total wire length on LAYER TopMetal2 = 0 um.
Total number of vias = 434811.
Up-via summary (total 434811):

--------------------
   GatPoly         0
    Metal1    211128
    Metal2    202393
    Metal3     20081
    Metal4      1209
    Metal5         0
 TopMetal1         0
--------------------
              434811


[INFO DRT-0267] cpu time = 05:53:17, elapsed time = 01:42:49, memory = 2407.33 (MB), peak = 2733.84 (MB)

[INFO DRT-0180] Post processing.
Elapsed time: 1:43:30[h:]min:sec. CPU time: user 21237.72 sys 61.81 (342%). Peak memory: 2799448KB.
