OpenROAD v2.0-14511-gedb4e7e37 
Features included (+) or not (-): +Charts +GPU +GUI +Python
This program is licensed under the BSD-3 license. See the LICENSE file for details.
Components of this program may be licensed under more restrictive licenses which must be honored.
[INFO] Deleted 0 routing obstructions
[INFO RCX-0431] Defined process_corner X with ext_model_index 0
[INFO RCX-0029] Defined extraction corner X
[INFO RCX-0008] extracting parasitics of tt_top ...
[INFO RCX-0435] Reading extraction model file /OpenROAD-flow-scripts/flow//platforms/ihp-sg13g2/rcx_patterns.rules ...
[INFO RCX-0436] RC segment generation tt_top (max_merge_res 50.0) ...
[INFO RCX-0040] Final 303522 rc segments
[INFO RCX-0439] Coupling Cap extraction tt_top ...
[INFO RCX-0440] Coupling threshhold is 0.1000 fF, coupling capacitance less than 0.1000 fF will be grounded.
[INFO RCX-0043] 481537 wires to be extracted
[INFO RCX-0442] 15% completion -- 74408 wires have been extracted
[INFO RCX-0442] 34% completion -- 167156 wires have been extracted
[INFO RCX-0442] 50% completion -- 244767 wires have been extracted
[INFO RCX-0442] 66% completion -- 320563 wires have been extracted
[INFO RCX-0442] 83% completion -- 404343 wires have been extracted
[INFO RCX-0442] 100% completion -- 481537 wires have been extracted
[INFO RCX-0045] Extract 76120 nets, 373338 rsegs, 373338 caps, 562344 ccs
[INFO RCX-0015] Finished extracting tt_top.
[INFO RCX-0016] Writing SPEF ...
[INFO RCX-0443] 76120 nets finished
[INFO RCX-0017] Finished writing SPEF ...
[INFO PSM-0040] All shapes on net VDD are connected.
[INFO PSM-0073] Using bump pattern with x-pitch 140.0000um, y-pitch 140.0000um, and size 70.0000um with an reduction factor of 3x.
########## IR report #################
Net              : VDD
Corner           : default
Supply voltage   : 1.20e+00 V
Worstcase voltage: 1.20e+00 V
Average voltage  : 1.20e+00 V
Average IR drop  : 4.05e-05 V
Worstcase IR drop: 1.24e-04 V
Percentage drop  : 0.01 %
######################################
[INFO PSM-0040] All shapes on net VSS are connected.
[INFO PSM-0073] Using bump pattern with x-pitch 140.0000um, y-pitch 140.0000um, and size 70.0000um with an reduction factor of 3x.
########## IR report #################
Net              : VSS
Corner           : default
Supply voltage   : 0.00e+00 V
Worstcase voltage: 1.24e-04 V
Average voltage  : 4.11e-05 V
Average IR drop  : 4.11e-05 V
Worstcase IR drop: 1.24e-04 V
Percentage drop  : 0.01 %
######################################
Cell usage report:
  Others: 148170
  Buffer/inverters: 2230
  Clock buffer/inverters: 2599
  Timing Repair Buffer/inverters: 5710
  Sequential cells: 7631
  Multi-Input combinational cells: 50813
  Total: 217153
Report metrics stage 6, finish...
Warning: There are 200 unclocked register/latch pins.
Warning: There are 203 unconstrained endpoints.

==========================================================================
finish report_design_area
--------------------------------------------------------------------------
Design area 2111091 u^2 100% utilization.
[WARNING GUI-0076] QStandardPaths: wrong permissions on runtime directory /tmp/xdg-run, 0755 instead of 0700
Elapsed time: 1:57.96[h:]min:sec. CPU time: user 116.61 sys 0.99 (99%). Peak memory: 1371032KB.
