Net: net3168
  Pin:   fanout3167/A (sg13g2_buf_1)
    Layer: Metal3
      Cumulative area ratio:  208.42
      Required ratio:  200.00 (Cumulative area) (VIOLATED)



Net: net5285
  Pin:   fanout5226/A (sg13g2_buf_1)
    Layer: Metal3
      Cumulative area ratio:  207.68
      Required ratio:  200.00 (Cumulative area) (VIOLATED)


  Pin:   fanout5233/A (sg13g2_buf_1)
    Layer: Metal3
      Cumulative area ratio:  223.70
      Required ratio:  200.00 (Cumulative area) (VIOLATED)



Net: net5588
  Pin:   _146709_/A (sg13g2_nand2_1)
    Layer: Metal2
      Cumulative area ratio:  229.53
      Required ratio:  200.00 (Cumulative area) (VIOLATED)

    Layer: Metal3
      Cumulative area ratio:  292.07
      Required ratio:  200.00 (Cumulative area) (VIOLATED)


  Pin:   _148974_/A (sg13g2_nand2_2)
    Layer: Metal3
      Cumulative area ratio:  202.46
      Required ratio:  200.00 (Cumulative area) (VIOLATED)



Net: net5577
  Pin:   _146319_/A (sg13g2_and2_1)
    Layer: Metal2
      Cumulative area ratio:  309.27
      Required ratio:  200.00 (Cumulative area) (VIOLATED)

    Layer: Metal3
      Cumulative area ratio:  439.33
      Required ratio:  200.00 (Cumulative area) (VIOLATED)


  Pin:   _187248_/A (sg13g2_or2_1)
    Layer: Metal2
      Cumulative area ratio:  344.53
      Required ratio:  200.00 (Cumulative area) (VIOLATED)

    Layer: Metal3
      Cumulative area ratio:  474.58
      Required ratio:  200.00 (Cumulative area) (VIOLATED)



Net: net5567
  Pin:   _146722_/A (sg13g2_nand2_1)
    Layer: Metal3
      Cumulative area ratio:  254.35
      Required ratio:  200.00 (Cumulative area) (VIOLATED)


  Pin:   _187248_/B (sg13g2_or2_1)
    Layer: Metal2
      Cumulative area ratio:  264.31
      Required ratio:  200.00 (Cumulative area) (VIOLATED)

    Layer: Metal3
      Cumulative area ratio:  401.21
      Required ratio:  200.00 (Cumulative area) (VIOLATED)



Net: net5563
  Pin:   fanout5561/A (sg13g2_buf_2)
    Layer: Metal2
      Cumulative area ratio:  210.57
      Required ratio:  200.00 (Cumulative area) (VIOLATED)

    Layer: Metal3
      Cumulative area ratio:  258.58
      Required ratio:  200.00 (Cumulative area) (VIOLATED)


  Pin:   fanout5562/A (sg13g2_buf_2)
    Layer: Metal2
      Cumulative area ratio:  205.18
      Required ratio:  200.00 (Cumulative area) (VIOLATED)

    Layer: Metal3
      Cumulative area ratio:  253.19
      Required ratio:  200.00 (Cumulative area) (VIOLATED)



Net: net5559
  Pin:   _215740_/A (sg13g2_and2_1)
    Layer: Metal2
      Cumulative area ratio:  474.52
      Required ratio:  200.00 (Cumulative area) (VIOLATED)

    Layer: Metal3
      Cumulative area ratio:  521.35
      Required ratio:  200.00 (Cumulative area) (VIOLATED)



Net: net5557
  Pin:   _146368_/A (sg13g2_inv_1)
    Layer: Metal2
      Cumulative area ratio:  316.72
      Required ratio:  200.00 (Cumulative area) (VIOLATED)

    Layer: Metal3
      Cumulative area ratio:  379.06
      Required ratio:  200.00 (Cumulative area) (VIOLATED)


  Pin:   _152092_/A1 (sg13g2_a21o_1)
    Layer: Metal2
      Cumulative area ratio:  233.17
      Required ratio:  200.00 (Cumulative area) (VIOLATED)

    Layer: Metal3
      Cumulative area ratio:  295.51
      Required ratio:  200.00 (Cumulative area) (VIOLATED)



Net: net5547
  Pin:   _157520_/A (sg13g2_and2_1)
    Layer: Metal2
      Cumulative area ratio:  244.50
      Required ratio:  200.00 (Cumulative area) (VIOLATED)

    Layer: Metal3
      Cumulative area ratio:  377.13
      Required ratio:  200.00 (Cumulative area) (VIOLATED)


  Pin:   _210156_/A1 (sg13g2_a21o_1)
    Layer: Metal2
      Cumulative area ratio:  575.29
      Required ratio:  200.00 (Cumulative area) (VIOLATED)

    Layer: Metal3
      Cumulative area ratio:  707.92
      Required ratio:  200.00 (Cumulative area) (VIOLATED)



Net: net5546
  Pin:   _149292_/A (sg13g2_and3_1)
    Layer: Metal2
      Cumulative area ratio:  457.74
      Required ratio:  200.00 (Cumulative area) (VIOLATED)

    Layer: Metal3
      Cumulative area ratio:  508.65
      Required ratio:  200.00 (Cumulative area) (VIOLATED)

    Layer: Metal4
      Cumulative area ratio:  508.69
      Required ratio:  200.00 (Cumulative area) (VIOLATED)

    Layer: Metal5
      Cumulative area ratio:  545.55
      Required ratio:  200.00 (Cumulative area) (VIOLATED)


  Pin:   _157515_/A (sg13g2_and2_1)
    Layer: Metal2
      Cumulative area ratio:  270.57
      Required ratio:  200.00 (Cumulative area) (VIOLATED)

    Layer: Metal3
      Cumulative area ratio:  321.48
      Required ratio:  200.00 (Cumulative area) (VIOLATED)

    Layer: Metal4
      Cumulative area ratio:  321.52
      Required ratio:  200.00 (Cumulative area) (VIOLATED)

    Layer: Metal5
      Cumulative area ratio:  358.38
      Required ratio:  200.00 (Cumulative area) (VIOLATED)



Net: net5545
  Pin:   _148979_/A (sg13g2_nand2_1)
    Layer: Metal2
      Cumulative area ratio:  568.95
      Required ratio:  200.00 (Cumulative area) (VIOLATED)

    Layer: Metal3
      Cumulative area ratio:  610.50
      Required ratio:  200.00 (Cumulative area) (VIOLATED)



Net: net5543
  Pin:   _147897_/A (sg13g2_nor2_1)
    Layer: Metal3
      Cumulative area ratio:  260.41
      Required ratio:  200.00 (Cumulative area) (VIOLATED)


  Pin:   _159896_/A (sg13g2_nand2_1)
    Layer: Metal3
      Cumulative area ratio:  260.41
      Required ratio:  200.00 (Cumulative area) (VIOLATED)



Net: net5537
  Pin:   fanout5536/A (sg13g2_buf_2)
    Layer: Metal3
      Cumulative area ratio:  228.99
      Required ratio:  200.00 (Cumulative area) (VIOLATED)

    Layer: Metal4
      Cumulative area ratio:  297.12
      Required ratio:  200.00 (Cumulative area) (VIOLATED)



Net: net5536
  Pin:   _214014_/A1 (sg13g2_o21ai_1)
    Layer: Metal2
      Cumulative area ratio:  285.85
      Required ratio:  200.00 (Cumulative area) (VIOLATED)

    Layer: Metal3
      Cumulative area ratio:  312.64
      Required ratio:  200.00 (Cumulative area) (VIOLATED)



Net: net5528
  Pin:   _127504_/A (sg13g2_nand2_1)
    Layer: Metal2
      Cumulative area ratio:  425.19
      Required ratio:  200.00 (Cumulative area) (VIOLATED)

    Layer: Metal3
      Cumulative area ratio:  528.47
      Required ratio:  200.00 (Cumulative area) (VIOLATED)


  Pin:   _146686_/A (sg13g2_nand2_1)
    Layer: Metal3
      Cumulative area ratio:  236.26
      Required ratio:  200.00 (Cumulative area) (VIOLATED)


  Pin:   _185207_/A (sg13g2_and3_1)
    Layer: Metal3
      Cumulative area ratio:  236.26
      Required ratio:  200.00 (Cumulative area) (VIOLATED)



Net: net5527
  Pin:   _119429_/A1 (sg13g2_a22oi_1)
    Layer: Metal2
      Cumulative area ratio:  424.11
      Required ratio:  200.00 (Cumulative area) (VIOLATED)

    Layer: Metal3
      Cumulative area ratio:  475.51
      Required ratio:  200.00 (Cumulative area) (VIOLATED)



Net: net5520
  Pin:   _146700_/A (sg13g2_nand2_1)
    Layer: Metal3
      Cumulative area ratio:  284.84
      Required ratio:  200.00 (Cumulative area) (VIOLATED)



Net: net5519
  Pin:   fanout5518/A (sg13g2_buf_2)
    Layer: Metal2
      Cumulative area ratio:  257.54
      Required ratio:  200.00 (Cumulative area) (VIOLATED)

    Layer: Metal3
      Cumulative area ratio:  286.41
      Required ratio:  200.00 (Cumulative area) (VIOLATED)



Net: net5505
  Pin:   fanout5504/A (sg13g2_buf_2)
    Layer: Metal2
      Cumulative area ratio:  412.50
      Required ratio:  200.00 (Cumulative area) (VIOLATED)

    Layer: Metal3
      Cumulative area ratio:  472.52
      Required ratio:  200.00 (Cumulative area) (VIOLATED)



Net: net5504
  Pin:   _213965_/A (sg13g2_nand2_1)
    Layer: Metal2
      Cumulative area ratio:  306.38
      Required ratio:  200.00 (Cumulative area) (VIOLATED)

    Layer: Metal3
      Cumulative area ratio:  345.68
      Required ratio:  200.00 (Cumulative area) (VIOLATED)



Net: net5498
  Pin:   _157497_/A (sg13g2_nor2_1)
    Layer: Metal3
      Cumulative area ratio:  206.72
      Required ratio:  200.00 (Cumulative area) (VIOLATED)


  Pin:   fanout5497/A (sg13g2_buf_2)
    Layer: Metal2
      Cumulative area ratio:  225.00
      Required ratio:  200.00 (Cumulative area) (VIOLATED)

    Layer: Metal3
      Cumulative area ratio:  282.11
      Required ratio:  200.00 (Cumulative area) (VIOLATED)



Net: net5481
  Pin:   _214433_/B (sg13g2_nor2_1)
    Layer: Metal2
      Cumulative area ratio:  247.20
      Required ratio:  200.00 (Cumulative area) (VIOLATED)

    Layer: Metal3
      Cumulative area ratio:  257.70
      Required ratio:  200.00 (Cumulative area) (VIOLATED)



Net: net5479
  Pin:   hold1672/A (sg13g2_dlygate4sd3_1)
    Layer: Metal2
      Cumulative area ratio:  338.35
      Required ratio:  200.00 (Cumulative area) (VIOLATED)

    Layer: Metal3
      Cumulative area ratio:  354.05
      Required ratio:  200.00 (Cumulative area) (VIOLATED)



Net: net5409
  Pin:   hold1687/A (sg13g2_dlygate4sd3_1)
    Layer: Metal2
      Cumulative area ratio:  376.09
      Required ratio:  200.00 (Cumulative area) (VIOLATED)

    Layer: Metal3
      Cumulative area ratio:  393.35
      Required ratio:  200.00 (Cumulative area) (VIOLATED)



Net: net5375
  Pin:   fanout5367/A (sg13g2_buf_1)
    Layer: Metal3
      Cumulative area ratio:  237.47
      Required ratio:  200.00 (Cumulative area) (VIOLATED)



Net: net5317
  Pin:   fanout5308/A (sg13g2_buf_2)
    Layer: Metal2
      Cumulative area ratio:  322.59
      Required ratio:  200.00 (Cumulative area) (VIOLATED)

    Layer: Metal3
      Cumulative area ratio:  393.69
      Required ratio:  200.00 (Cumulative area) (VIOLATED)


  Pin:   fanout5316/A (sg13g2_buf_1)
    Layer: Metal2
      Cumulative area ratio:  464.51
      Required ratio:  200.00 (Cumulative area) (VIOLATED)

    Layer: Metal3
      Cumulative area ratio:  535.61
      Required ratio:  200.00 (Cumulative area) (VIOLATED)



Net: net5226
  Pin:   fanout5225/A (sg13g2_buf_1)
    Layer: Metal3
      Cumulative area ratio:  226.44
      Required ratio:  200.00 (Cumulative area) (VIOLATED)



Net: net5195
  Pin:   fanout5194/A (sg13g2_buf_1)
    Layer: Metal2
      Cumulative area ratio:  287.68
      Required ratio:  200.00 (Cumulative area) (VIOLATED)

    Layer: Metal3
      Cumulative area ratio:  404.58
      Required ratio:  200.00 (Cumulative area) (VIOLATED)



Net: net5055
  Pin:   fanout5054/A (sg13g2_buf_1)
    Layer: Metal3
      Cumulative area ratio:  222.84
      Required ratio:  200.00 (Cumulative area) (VIOLATED)



Net: net4787
  Pin:   fanout4782/A (sg13g2_buf_1)
    Layer: Metal3
      Cumulative area ratio:  214.11
      Required ratio:  200.00 (Cumulative area) (VIOLATED)



Net: net4741
  Pin:   fanout4740/A (sg13g2_buf_1)
    Layer: Metal3
      Cumulative area ratio:  200.34
      Required ratio:  200.00 (Cumulative area) (VIOLATED)



Net: net3598
  Pin:   fanout3570/A (sg13g2_buf_1)
    Layer: Metal2
      Cumulative area ratio:  200.52
      Required ratio:  200.00 (Cumulative area) (VIOLATED)

    Layer: Metal3
      Cumulative area ratio:  245.66
      Required ratio:  200.00 (Cumulative area) (VIOLATED)



Net: net3254
  Pin:   fanout3253/A (sg13g2_buf_2)
    Layer: Metal2
      Cumulative area ratio:  246.73
      Required ratio:  200.00 (Cumulative area) (VIOLATED)

    Layer: Metal3
      Cumulative area ratio:  308.34
      Required ratio:  200.00 (Cumulative area) (VIOLATED)



Net: net3145
  Pin:   fanout3144/A (sg13g2_buf_1)
    Layer: Metal3
      Cumulative area ratio:  216.44
      Required ratio:  200.00 (Cumulative area) (VIOLATED)



Net: _021653_
  Pin:   hold1681/A (sg13g2_dlygate4sd3_1)
    Layer: Metal2
      Cumulative area ratio:  211.85
      Required ratio:  200.00 (Cumulative area) (VIOLATED)

    Layer: Metal3
      Cumulative area ratio:  266.89
      Required ratio:  200.00 (Cumulative area) (VIOLATED)



Net: net2994
  Pin:   fanout2987/A (sg13g2_buf_1)
    Layer: Metal3
      Cumulative area ratio:  233.17
      Required ratio:  200.00 (Cumulative area) (VIOLATED)



Net: net2391
  Pin:   fanout2383/A (sg13g2_buf_2)
    Layer: Metal2
      Cumulative area ratio:  251.39
      Required ratio:  200.00 (Cumulative area) (VIOLATED)

    Layer: Metal3
      Cumulative area ratio:  307.46
      Required ratio:  200.00 (Cumulative area) (VIOLATED)


  Pin:   fanout2390/A (sg13g2_buf_2)
    Layer: Metal2
      Cumulative area ratio:  449.09
      Required ratio:  200.00 (Cumulative area) (VIOLATED)

    Layer: Metal3
      Cumulative area ratio:  505.16
      Required ratio:  200.00 (Cumulative area) (VIOLATED)



Net: net2379
  Pin:   fanout2375/A (sg13g2_buf_1)
    Layer: Metal3
      Cumulative area ratio:  211.32
      Required ratio:  200.00 (Cumulative area) (VIOLATED)



Net: net2101
  Pin:   fanout2099/A (sg13g2_buf_2)
    Layer: Metal2
      Cumulative area ratio:  205.24
      Required ratio:  200.00 (Cumulative area) (VIOLATED)

    Layer: Metal3
      Cumulative area ratio:  260.66
      Required ratio:  200.00 (Cumulative area) (VIOLATED)



Net: net2090
  Pin:   fanout2084/A (sg13g2_buf_1)
    Layer: Metal3
      Cumulative area ratio:  220.55
      Required ratio:  200.00 (Cumulative area) (VIOLATED)



Net: net2089
  Pin:   fanout2085/A (sg13g2_buf_2)
    Layer: Metal3
      Cumulative area ratio:  208.35
      Required ratio:  200.00 (Cumulative area) (VIOLATED)



Net: net1950
  Pin:   fanout1949/A (sg13g2_buf_1)
    Layer: Metal2
      Cumulative area ratio:  463.71
      Required ratio:  200.00 (Cumulative area) (VIOLATED)

    Layer: Metal3
      Cumulative area ratio:  514.70
      Required ratio:  200.00 (Cumulative area) (VIOLATED)



Net: net1926
  Pin:   fanout1925/A (sg13g2_buf_2)
    Layer: Metal2
      Cumulative area ratio:  302.94
      Required ratio:  200.00 (Cumulative area) (VIOLATED)

    Layer: Metal3
      Cumulative area ratio:  369.70
      Required ratio:  200.00 (Cumulative area) (VIOLATED)



Net: net1911
  Pin:   fanout1908/A (sg13g2_buf_2)
    Layer: Metal5
      Cumulative area ratio:  248.12
      Required ratio:  200.00 (Cumulative area) (VIOLATED)



Net: net1880
  Pin:   fanout1876/A (sg13g2_buf_2)
    Layer: Metal2
      Cumulative area ratio:  248.27
      Required ratio:  200.00 (Cumulative area) (VIOLATED)

    Layer: Metal3
      Cumulative area ratio:  314.43
      Required ratio:  200.00 (Cumulative area) (VIOLATED)



Net: net1813
  Pin:   fanout1788/A (sg13g2_buf_1)
    Layer: Metal2
      Cumulative area ratio:  219.38
      Required ratio:  200.00 (Cumulative area) (VIOLATED)

    Layer: Metal3
      Cumulative area ratio:  327.71
      Required ratio:  200.00 (Cumulative area) (VIOLATED)



Net: net1582
  Pin:   fanout1570/A (sg13g2_buf_1)
    Layer: Metal2
      Cumulative area ratio:  242.39
      Required ratio:  200.00 (Cumulative area) (VIOLATED)

    Layer: Metal3
      Cumulative area ratio:  317.07
      Required ratio:  200.00 (Cumulative area) (VIOLATED)



Net: net1532
  Pin:   fanout1504/A (sg13g2_buf_1)
    Layer: Metal3
      Cumulative area ratio:  213.93
      Required ratio:  200.00 (Cumulative area) (VIOLATED)


  Pin:   fanout1513/A (sg13g2_buf_1)
    Layer: Metal2
      Cumulative area ratio:  200.10
      Required ratio:  200.00 (Cumulative area) (VIOLATED)

    Layer: Metal3
      Cumulative area ratio:  258.59
      Required ratio:  200.00 (Cumulative area) (VIOLATED)



Net: net1368
  Pin:   fanout1367/A (sg13g2_buf_2)
    Layer: Metal3
      Cumulative area ratio:  209.65
      Required ratio:  200.00 (Cumulative area) (VIOLATED)



Net: net1347
  Pin:   fanout1346/A (sg13g2_buf_1)
    Layer: Metal2
      Cumulative area ratio:  229.43
      Required ratio:  200.00 (Cumulative area) (VIOLATED)

    Layer: Metal3
      Cumulative area ratio:  262.31
      Required ratio:  200.00 (Cumulative area) (VIOLATED)



Net: _025412_
  Pin:   _213963_/B2 (sg13g2_a22oi_1)
    Layer: Metal2
      Cumulative area ratio:  239.35
      Required ratio:  200.00 (Cumulative area) (VIOLATED)

    Layer: Metal3
      Cumulative area ratio:  244.16
      Required ratio:  200.00 (Cumulative area) (VIOLATED)



Net: _025421_
  Pin:   _214005_/A (sg13g2_nand4_1)
    Layer: Metal3
      Cumulative area ratio:  258.89
      Required ratio:  200.00 (Cumulative area) (VIOLATED)



Net: _025461_
  Pin:   _214011_/B (sg13g2_nand2_1)
    Layer: Metal3
      Cumulative area ratio:  325.63
      Required ratio:  200.00 (Cumulative area) (VIOLATED)



Net: _025468_
  Pin:   _214027_/B1 (sg13g2_a22oi_1)
    Layer: Metal3
      Cumulative area ratio:  257.18
      Required ratio:  200.00 (Cumulative area) (VIOLATED)



Net: _025481_
  Pin:   _214031_/C1 (sg13g2_a221oi_1)
    Layer: Metal3
      Cumulative area ratio:  253.25
      Required ratio:  200.00 (Cumulative area) (VIOLATED)



Net: _025508_
  Pin:   _214067_/A2 (sg13g2_o21ai_1)
    Layer: Metal2
      Cumulative area ratio:  200.30
      Required ratio:  200.00 (Cumulative area) (VIOLATED)

    Layer: Metal3
      Cumulative area ratio:  222.94
      Required ratio:  200.00 (Cumulative area) (VIOLATED)



Net: _025528_
  Pin:   _214079_/B1 (sg13g2_o21ai_1)
    Layer: Metal3
      Cumulative area ratio:  214.00
      Required ratio:  200.00 (Cumulative area) (VIOLATED)



Net: _025559_
  Pin:   _214112_/A (sg13g2_or2_2)
    Layer: Metal4
      Cumulative area ratio:  437.84
      Required ratio:  200.00 (Cumulative area) (VIOLATED)



Net: _025587_
  Pin:   _214141_/D (sg13g2_nand4_1)
    Layer: Metal3
      Cumulative area ratio:  216.82
      Required ratio:  200.00 (Cumulative area) (VIOLATED)



Net: _025852_
  Pin:   _214429_/B2 (sg13g2_a22oi_1)
    Layer: Metal2
      Cumulative area ratio:  220.69
      Required ratio:  200.00 (Cumulative area) (VIOLATED)

    Layer: Metal3
      Cumulative area ratio:  221.17
      Required ratio:  200.00 (Cumulative area) (VIOLATED)



Net: _025869_
  Pin:   _214423_/B1 (sg13g2_o21ai_1)
    Layer: Metal3
      Cumulative area ratio:  252.95
      Required ratio:  200.00 (Cumulative area) (VIOLATED)



Net: _025876_
  Pin:   _214431_/B1 (sg13g2_o21ai_1)
    Layer: Metal3
      Cumulative area ratio:  318.95
      Required ratio:  200.00 (Cumulative area) (VIOLATED)



Net: _025902_
  Pin:   _214457_/B1 (sg13g2_o21ai_1)
    Layer: Metal4
      Cumulative area ratio:  302.71
      Required ratio:  200.00 (Cumulative area) (VIOLATED)



Net: _025913_
  Pin:   _214479_/A (sg13g2_nand2_1)
    Layer: Metal2
      Cumulative area ratio:  287.25
      Required ratio:  200.00 (Cumulative area) (VIOLATED)

    Layer: Metal3
      Cumulative area ratio:  305.91
      Required ratio:  200.00 (Cumulative area) (VIOLATED)



Net: _025920_
  Pin:   _214477_/C1 (sg13g2_a221oi_1)
    Layer: Metal4
      Cumulative area ratio:  404.14
      Required ratio:  200.00 (Cumulative area) (VIOLATED)



Net: _026165_
  Pin:   _214820_/A2 (sg13g2_a22oi_1)
    Layer: Metal3
      Cumulative area ratio:  234.45
      Required ratio:  200.00 (Cumulative area) (VIOLATED)



Net: _026270_
  Pin:   _214865_/A (sg13g2_nor2b_1)
    Layer: Metal3
      Cumulative area ratio:  205.12
      Required ratio:  200.00 (Cumulative area) (VIOLATED)



Net: net499
  Pin:   fanout473/A (sg13g2_buf_1)
    Layer: Metal3
      Cumulative area ratio:  265.52
      Required ratio:  200.00 (Cumulative area) (VIOLATED)



Net: _026304_
  Pin:   _214861_/A2 (sg13g2_a22oi_1)
    Layer: Metal2
      Cumulative area ratio:  324.69
      Required ratio:  200.00 (Cumulative area) (VIOLATED)

    Layer: Metal3
      Cumulative area ratio:  355.26
      Required ratio:  200.00 (Cumulative area) (VIOLATED)



Net: _026727_
  Pin:   _215328_/A2 (sg13g2_a221oi_1)
    Layer: Metal3
      Cumulative area ratio:  271.05
      Required ratio:  200.00 (Cumulative area) (VIOLATED)



Net: _026784_
  Pin:   _215344_/B2 (sg13g2_a22oi_1)
    Layer: Metal3
      Cumulative area ratio:  267.51
      Required ratio:  200.00 (Cumulative area) (VIOLATED)



Net: net238
  Pin:   fanout232/A (sg13g2_buf_2)
    Layer: Metal2
      Cumulative area ratio:  252.13
      Required ratio:  200.00 (Cumulative area) (VIOLATED)

    Layer: Metal3
      Cumulative area ratio:  316.77
      Required ratio:  200.00 (Cumulative area) (VIOLATED)



Net: _026807_
  Pin:   _215367_/B2 (sg13g2_a22oi_1)
    Layer: Metal2
      Cumulative area ratio:  228.21
      Required ratio:  200.00 (Cumulative area) (VIOLATED)

    Layer: Metal3
      Cumulative area ratio:  228.68
      Required ratio:  200.00 (Cumulative area) (VIOLATED)



Net: _026809_
  Pin:   _215369_/B1 (sg13g2_o21ai_1)
    Layer: Metal3
      Cumulative area ratio:  328.59
      Required ratio:  200.00 (Cumulative area) (VIOLATED)



Net: net211
  Pin:   _115623_/B (sg13g2_or2_1)
    Layer: Metal2
      Cumulative area ratio:  266.30
      Required ratio:  200.00 (Cumulative area) (VIOLATED)

    Layer: Metal3
      Cumulative area ratio:  323.40
      Required ratio:  200.00 (Cumulative area) (VIOLATED)



Net: _026880_
  Pin:   _215444_/B1 (sg13g2_a22oi_1)
    Layer: Metal2
      Cumulative area ratio:  270.51
      Required ratio:  200.00 (Cumulative area) (VIOLATED)

    Layer: Metal3
      Cumulative area ratio:  270.99
      Required ratio:  200.00 (Cumulative area) (VIOLATED)



Net: _026996_
  Pin:   _215630_/C (sg13g2_nor4_1)
    Layer: Metal2
      Cumulative area ratio:  227.48
      Required ratio:  200.00 (Cumulative area) (VIOLATED)

    Layer: Metal3
      Cumulative area ratio:  240.19
      Required ratio:  200.00 (Cumulative area) (VIOLATED)



Net: _027008_
  Pin:   _215628_/A (sg13g2_nand3_1)
    Layer: Metal3
      Cumulative area ratio:  211.03
      Required ratio:  200.00 (Cumulative area) (VIOLATED)



Net: _027041_
  Pin:   _215624_/B (sg13g2_nand4_1)
    Layer: Metal3
      Cumulative area ratio:  532.46
      Required ratio:  200.00 (Cumulative area) (VIOLATED)



Net: _027046_
  Pin:   _215608_/C1 (sg13g2_a221oi_1)
    Layer: Metal2
      Cumulative area ratio:  320.12
      Required ratio:  200.00 (Cumulative area) (VIOLATED)

    Layer: Metal3
      Cumulative area ratio:  320.60
      Required ratio:  200.00 (Cumulative area) (VIOLATED)



Net: _027073_
  Pin:   _215634_/B2 (sg13g2_a22oi_1)
    Layer: Metal2
      Cumulative area ratio:  263.87
      Required ratio:  200.00 (Cumulative area) (VIOLATED)

    Layer: Metal3
      Cumulative area ratio:  264.35
      Required ratio:  200.00 (Cumulative area) (VIOLATED)



Net: _027173_
  Pin:   _215736_/B1 (sg13g2_a21oi_1)
    Layer: Metal2
      Cumulative area ratio:  252.76
      Required ratio:  200.00 (Cumulative area) (VIOLATED)

    Layer: Metal3
      Cumulative area ratio:  271.32
      Required ratio:  200.00 (Cumulative area) (VIOLATED)



Net: net46
  Pin:   output46/A (sg13g2_buf_1)
    Layer: Metal3
      Cumulative area ratio:  540.12
      Required ratio:  200.00 (Cumulative area) (VIOLATED)



Net: net45
  Pin:   output45/A (sg13g2_buf_1)
    Layer: Metal2
      Cumulative area ratio:  436.12
      Required ratio:  200.00 (Cumulative area) (VIOLATED)

    Layer: Metal3
      Cumulative area ratio:  436.76
      Required ratio:  200.00 (Cumulative area) (VIOLATED)



Net: net44
  Pin:   output44/A (sg13g2_buf_1)
    Layer: Metal2
      Cumulative area ratio:  409.39
      Required ratio:  200.00 (Cumulative area) (VIOLATED)

    Layer: Metal3
      Cumulative area ratio:  418.43
      Required ratio:  200.00 (Cumulative area) (VIOLATED)



Net: net43
  Pin:   output43/A (sg13g2_buf_1)
    Layer: Metal2
      Cumulative area ratio:  416.58
      Required ratio:  200.00 (Cumulative area) (VIOLATED)

    Layer: Metal3
      Cumulative area ratio:  417.22
      Required ratio:  200.00 (Cumulative area) (VIOLATED)



Net: net42
  Pin:   output42/A (sg13g2_buf_1)
    Layer: Metal2
      Cumulative area ratio:  658.82
      Required ratio:  200.00 (Cumulative area) (VIOLATED)

    Layer: Metal3
      Cumulative area ratio:  827.24
      Required ratio:  200.00 (Cumulative area) (VIOLATED)



Net: net41
  Pin:   output41/A (sg13g2_buf_1)
    Layer: Metal2
      Cumulative area ratio:  443.64
      Required ratio:  200.00 (Cumulative area) (VIOLATED)

    Layer: Metal3
      Cumulative area ratio:  444.29
      Required ratio:  200.00 (Cumulative area) (VIOLATED)



Net: net40
  Pin:   output40/A (sg13g2_buf_1)
    Layer: Metal2
      Cumulative area ratio:  450.50
      Required ratio:  200.00 (Cumulative area) (VIOLATED)

    Layer: Metal3
      Cumulative area ratio:  451.14
      Required ratio:  200.00 (Cumulative area) (VIOLATED)



Net: net38
  Pin:   output38/A (sg13g2_buf_1)
    Layer: Metal2
      Cumulative area ratio:  248.42
      Required ratio:  200.00 (Cumulative area) (VIOLATED)

    Layer: Metal3
      Cumulative area ratio:  336.98
      Required ratio:  200.00 (Cumulative area) (VIOLATED)



Net: net37
  Pin:   output37/A (sg13g2_buf_1)
    Layer: Metal4
      Cumulative area ratio:  253.04
      Required ratio:  200.00 (Cumulative area) (VIOLATED)



Net: net36
  Pin:   output36/A (sg13g2_buf_1)
    Layer: Metal3
      Cumulative area ratio:  792.65
      Required ratio:  200.00 (Cumulative area) (VIOLATED)



Net: net35
  Pin:   output35/A (sg13g2_buf_1)
    Layer: Metal2
      Cumulative area ratio:  252.62
      Required ratio:  200.00 (Cumulative area) (VIOLATED)

    Layer: Metal3
      Cumulative area ratio:  421.03
      Required ratio:  200.00 (Cumulative area) (VIOLATED)



Net: net34
  Pin:   output34/A (sg13g2_buf_1)
    Layer: Metal4
      Cumulative area ratio:  244.82
      Required ratio:  200.00 (Cumulative area) (VIOLATED)



Net: net33
  Pin:   output33/A (sg13g2_buf_1)
    Layer: Metal2
      Cumulative area ratio:  257.98
      Required ratio:  200.00 (Cumulative area) (VIOLATED)

    Layer: Metal3
      Cumulative area ratio:  346.71
      Required ratio:  200.00 (Cumulative area) (VIOLATED)



Net: net32
  Pin:   output32/A (sg13g2_buf_1)
    Layer: Metal3
      Cumulative area ratio:  475.87
      Required ratio:  200.00 (Cumulative area) (VIOLATED)



Net: net31
  Pin:   output31/A (sg13g2_buf_1)
    Layer: Metal2
      Cumulative area ratio:  309.27
      Required ratio:  200.00 (Cumulative area) (VIOLATED)

    Layer: Metal3
      Cumulative area ratio:  309.91
      Required ratio:  200.00 (Cumulative area) (VIOLATED)



Net: net30
  Pin:   output30/A (sg13g2_buf_1)
    Layer: Metal3
      Cumulative area ratio:  452.10
      Required ratio:  200.00 (Cumulative area) (VIOLATED)



Net: net29
  Pin:   output29/A (sg13g2_buf_1)
    Layer: Metal3
      Cumulative area ratio:  316.90
      Required ratio:  200.00 (Cumulative area) (VIOLATED)



Net: net28
  Pin:   output28/A (sg13g2_buf_1)
    Layer: Metal3
      Cumulative area ratio:  316.49
      Required ratio:  200.00 (Cumulative area) (VIOLATED)



Net: net27
  Pin:   output27/A (sg13g2_buf_1)
    Layer: Metal3
      Cumulative area ratio:  310.66
      Required ratio:  200.00 (Cumulative area) (VIOLATED)



Net: net26
  Pin:   output26/A (sg13g2_buf_1)
    Layer: Metal3
      Cumulative area ratio:  307.42
      Required ratio:  200.00 (Cumulative area) (VIOLATED)



Net: net25
  Pin:   output25/A (sg13g2_buf_1)
    Layer: Metal3
      Cumulative area ratio:  317.04
      Required ratio:  200.00 (Cumulative area) (VIOLATED)



Net: net24
  Pin:   output24/A (sg13g2_buf_1)
    Layer: Metal3
      Cumulative area ratio:  309.07
      Required ratio:  200.00 (Cumulative area) (VIOLATED)



Net: net23
  Pin:   output23/A (sg13g2_buf_1)
    Layer: Metal3
      Cumulative area ratio:  317.02
      Required ratio:  200.00 (Cumulative area) (VIOLATED)



Net: _027295_
  Pin:   _215860_/B1 (sg13g2_a21oi_1)
    Layer: Metal4
      Cumulative area ratio:  261.14
      Required ratio:  200.00 (Cumulative area) (VIOLATED)



Net: net22
  Pin:   _144472_/A (sg13g2_nand3_1)
    Layer: Metal2
      Cumulative area ratio:  483.68
      Required ratio:  200.00 (Cumulative area) (VIOLATED)

    Layer: Metal3
      Cumulative area ratio:  567.95
      Required ratio:  200.00 (Cumulative area) (VIOLATED)

    Layer: Metal4
      Cumulative area ratio:  642.51
      Required ratio:  200.00 (Cumulative area) (VIOLATED)



Net: net21
  Pin:   fanout5544/A (sg13g2_buf_1)
    Layer: Metal2
      Cumulative area ratio:  433.04
      Required ratio:  200.00 (Cumulative area) (VIOLATED)

    Layer: Metal3
      Cumulative area ratio:  523.70
      Required ratio:  200.00 (Cumulative area) (VIOLATED)



Net: net20
  Pin:   _211205_/A (sg13g2_nor2b_1)
    Layer: Metal2
      Cumulative area ratio:  284.57
      Required ratio:  200.00 (Cumulative area) (VIOLATED)

    Layer: Metal3
      Cumulative area ratio:  318.87
      Required ratio:  200.00 (Cumulative area) (VIOLATED)


  Pin:   _211332_/B_N (sg13g2_nor2b_1)
    Layer: Metal2
      Cumulative area ratio:  284.57
      Required ratio:  200.00 (Cumulative area) (VIOLATED)

    Layer: Metal3
      Cumulative area ratio:  318.87
      Required ratio:  200.00 (Cumulative area) (VIOLATED)



Net: net19
  Pin:   _148961_/A (sg13g2_nand2_1)
    Layer: Metal2
      Cumulative area ratio:  278.31
      Required ratio:  200.00 (Cumulative area) (VIOLATED)

    Layer: Metal3
      Cumulative area ratio:  355.38
      Required ratio:  200.00 (Cumulative area) (VIOLATED)


  Pin:   _148966_/B_N (sg13g2_nor2b_1)
    Layer: Metal2
      Cumulative area ratio:  278.31
      Required ratio:  200.00 (Cumulative area) (VIOLATED)

    Layer: Metal3
      Cumulative area ratio:  355.38
      Required ratio:  200.00 (Cumulative area) (VIOLATED)


  Pin:   _210424_/A (sg13g2_nor2_1)
    Layer: Metal3
      Cumulative area ratio:  257.65
      Required ratio:  200.00 (Cumulative area) (VIOLATED)



Net: net18
  Pin:   _215441_/B (sg13g2_nor2_1)
    Layer: Metal2
      Cumulative area ratio:  525.16
      Required ratio:  200.00 (Cumulative area) (VIOLATED)

    Layer: Metal3
      Cumulative area ratio:  562.24
      Required ratio:  200.00 (Cumulative area) (VIOLATED)



Net: net17
  Pin:   _215321_/A (sg13g2_nor2_1)
    Layer: Metal4
      Cumulative area ratio:  222.68
      Required ratio:  200.00 (Cumulative area) (VIOLATED)


  Pin:   fanout5547/A (sg13g2_buf_4)
    Layer: Metal4
      Cumulative area ratio:  360.17
      Required ratio:  200.00 (Cumulative area) (VIOLATED)



Net: net14
  Pin:   fanout5557/A (sg13g2_buf_4)
    Layer: Metal3
      Cumulative area ratio:  403.95
      Required ratio:  200.00 (Cumulative area) (VIOLATED)



Net: net13
  Pin:   fanout5559/A (sg13g2_buf_2)
    Layer: Metal3
      Cumulative area ratio:  250.88
      Required ratio:  200.00 (Cumulative area) (VIOLATED)

    Layer: Metal4
      Cumulative area ratio:  251.02
      Required ratio:  200.00 (Cumulative area) (VIOLATED)

    Layer: Metal5
      Cumulative area ratio:  416.67
      Required ratio:  200.00 (Cumulative area) (VIOLATED)


  Pin:   fanout5563/A (sg13g2_buf_2)
    Layer: Metal5
      Cumulative area ratio:  274.27
      Required ratio:  200.00 (Cumulative area) (VIOLATED)



Net: net10
  Pin:   fanout5588/A (sg13g2_buf_4)
    Layer: Metal3
      Cumulative area ratio:  280.55
      Required ratio:  200.00 (Cumulative area) (VIOLATED)



Net: net9
  Pin:   fanout5520/A (sg13g2_buf_4)
    Layer: Metal2
      Cumulative area ratio:  535.17
      Required ratio:  200.00 (Cumulative area) (VIOLATED)

    Layer: Metal3
      Cumulative area ratio:  732.78
      Required ratio:  200.00 (Cumulative area) (VIOLATED)

    Layer: Metal4
      Cumulative area ratio:  732.97
      Required ratio:  200.00 (Cumulative area) (VIOLATED)

    Layer: Metal5
      Cumulative area ratio:  874.98
      Required ratio:  200.00 (Cumulative area) (VIOLATED)



Net: net8
  Pin:   _146693_/A (sg13g2_nand2_1)
    Layer: Metal3
      Cumulative area ratio:  273.01
      Required ratio:  200.00 (Cumulative area) (VIOLATED)


  Pin:   _148413_/A1 (sg13g2_a22oi_1)
    Layer: Metal3
      Cumulative area ratio:  202.97
      Required ratio:  200.00 (Cumulative area) (VIOLATED)


  Pin:   fanout5525/A (sg13g2_buf_2)
    Layer: Metal2
      Cumulative area ratio:  419.93
      Required ratio:  200.00 (Cumulative area) (VIOLATED)

    Layer: Metal3
      Cumulative area ratio:  618.82
      Required ratio:  200.00 (Cumulative area) (VIOLATED)



Net: net7
  Pin:   fanout5528/A (sg13g2_buf_4)
    Layer: Metal2
      Cumulative area ratio:  382.72
      Required ratio:  200.00 (Cumulative area) (VIOLATED)

    Layer: Metal3
      Cumulative area ratio:  429.72
      Required ratio:  200.00 (Cumulative area) (VIOLATED)



Net: net6
  Pin:   fanout5541/A (sg13g2_buf_4)
    Layer: Metal3
      Cumulative area ratio:  235.30
      Required ratio:  200.00 (Cumulative area) (VIOLATED)



Net: net5
  Pin:   hold1668/A (sg13g2_dlygate4sd1_1)
    Layer: Metal3
      Cumulative area ratio:  204.86
      Required ratio:  200.00 (Cumulative area) (VIOLATED)

    Layer: Metal4
      Cumulative area ratio:  205.39
      Required ratio:  200.00 (Cumulative area) (VIOLATED)

    Layer: Metal5
      Cumulative area ratio:  303.80
      Required ratio:  200.00 (Cumulative area) (VIOLATED)



Net: _028072_
  Pin:   fanout5510/A (sg13g2_buf_1)
    Layer: Metal3
      Cumulative area ratio:  276.26
      Required ratio:  200.00 (Cumulative area) (VIOLATED)



Net: _028089_
  Pin:   _157511_/A (sg13g2_nor2_1)
    Layer: Metal3
      Cumulative area ratio:  242.83
      Required ratio:  200.00 (Cumulative area) (VIOLATED)


  Pin:   fanout5505/A (sg13g2_buf_2)
    Layer: Metal3
      Cumulative area ratio:  245.97
      Required ratio:  200.00 (Cumulative area) (VIOLATED)



Net: _028184_
  Pin:   fanout5467/A (sg13g2_buf_2)
    Layer: Metal2
      Cumulative area ratio:  244.97
      Required ratio:  200.00 (Cumulative area) (VIOLATED)

    Layer: Metal3
      Cumulative area ratio:  380.68
      Required ratio:  200.00 (Cumulative area) (VIOLATED)



Net: _028253_
  Pin:   _214057_/A1 (sg13g2_a21oi_1)
    Layer: Metal2
      Cumulative area ratio:  249.19
      Required ratio:  200.00 (Cumulative area) (VIOLATED)

    Layer: Metal3
      Cumulative area ratio:  255.93
      Required ratio:  200.00 (Cumulative area) (VIOLATED)



Net: _029088_
  Pin:   fanout5438/A (sg13g2_buf_2)
    Layer: Metal4
      Cumulative area ratio:  237.08
      Required ratio:  200.00 (Cumulative area) (VIOLATED)



Net: _030755_
  Pin:   fanout5420/A (sg13g2_buf_1)
    Layer: Metal3
      Cumulative area ratio:  205.77
      Required ratio:  200.00 (Cumulative area) (VIOLATED)



Net: _031083_
  Pin:   fanout1417/A (sg13g2_buf_1)
    Layer: Metal2
      Cumulative area ratio:  275.24
      Required ratio:  200.00 (Cumulative area) (VIOLATED)

    Layer: Metal3
      Cumulative area ratio:  312.01
      Required ratio:  200.00 (Cumulative area) (VIOLATED)



Net: _031085_
  Pin:   fanout174/A (sg13g2_buf_2)
    Layer: Metal3
      Cumulative area ratio:  218.77
      Required ratio:  200.00 (Cumulative area) (VIOLATED)



Net: _032591_
  Pin:   _116875_/B (sg13g2_nand2_1)
    Layer: Metal2
      Cumulative area ratio:  202.70
      Required ratio:  200.00 (Cumulative area) (VIOLATED)

    Layer: Metal3
      Cumulative area ratio:  203.18
      Required ratio:  200.00 (Cumulative area) (VIOLATED)



Net: _032771_
  Pin:   _117069_/A2 (sg13g2_a21o_1)
    Layer: Metal2
      Cumulative area ratio:  200.72
      Required ratio:  200.00 (Cumulative area) (VIOLATED)

    Layer: Metal3
      Cumulative area ratio:  208.37
      Required ratio:  200.00 (Cumulative area) (VIOLATED)



Net: _035129_
  Pin:   mux_I.p10_I.tt_um_I.nano.core.i_registers.reg_access\[15\]\[0\]$_DFF_P_/D (sg13g2_dfrbp_1)
    Layer: Metal2
      Cumulative area ratio:  331.48
      Required ratio:  200.00 (Cumulative area) (VIOLATED)

    Layer: Metal3
      Cumulative area ratio:  332.54
      Required ratio:  200.00 (Cumulative area) (VIOLATED)



Net: _035140_
  Pin:   mux_I.p10_I.tt_um_I.nano.core.i_registers.reg_access\[14\]\[0\]$_DFF_P_/D (sg13g2_dfrbp_1)
    Layer: Metal2
      Cumulative area ratio:  354.93
      Required ratio:  200.00 (Cumulative area) (VIOLATED)

    Layer: Metal3
      Cumulative area ratio:  369.87
      Required ratio:  200.00 (Cumulative area) (VIOLATED)



Net: _035163_
  Pin:   mux_I.p10_I.tt_um_I.nano.core.i_registers.reg_access\[12\]\[0\]$_DFF_P_/D (sg13g2_dfrbp_1)
    Layer: Metal2
      Cumulative area ratio:  317.53
      Required ratio:  200.00 (Cumulative area) (VIOLATED)

    Layer: Metal3
      Cumulative area ratio:  318.59
      Required ratio:  200.00 (Cumulative area) (VIOLATED)



Net: _035188_
  Pin:   mux_I.p10_I.tt_um_I.nano.core.i_registers.reg_access\[10\]\[0\]$_DFF_P_/D (sg13g2_dfrbp_1)
    Layer: Metal2
      Cumulative area ratio:  403.08
      Required ratio:  200.00 (Cumulative area) (VIOLATED)

    Layer: Metal3
      Cumulative area ratio:  404.14
      Required ratio:  200.00 (Cumulative area) (VIOLATED)



Net: _035195_
  Pin:   mux_I.p10_I.tt_um_I.nano.core.i_registers.reg_access\[9\]\[0\]$_DFF_P_/D (sg13g2_dfrbp_1)
    Layer: Metal2
      Cumulative area ratio:  388.84
      Required ratio:  200.00 (Cumulative area) (VIOLATED)

    Layer: Metal3
      Cumulative area ratio:  389.90
      Required ratio:  200.00 (Cumulative area) (VIOLATED)



Net: _035212_
  Pin:   mux_I.p10_I.tt_um_I.nano.core.i_registers.reg_access\[7\]\[0\]$_DFF_P_/D (sg13g2_dfrbp_1)
    Layer: Metal2
      Cumulative area ratio:  365.50
      Required ratio:  200.00 (Cumulative area) (VIOLATED)

    Layer: Metal3
      Cumulative area ratio:  366.56
      Required ratio:  200.00 (Cumulative area) (VIOLATED)



Net: _035223_
  Pin:   mux_I.p10_I.tt_um_I.nano.core.i_registers.reg_access\[5\]\[0\]$_DFF_P_/D (sg13g2_dfrbp_1)
    Layer: Metal2
      Cumulative area ratio:  400.71
      Required ratio:  200.00 (Cumulative area) (VIOLATED)

    Layer: Metal3
      Cumulative area ratio:  401.77
      Required ratio:  200.00 (Cumulative area) (VIOLATED)



Net: _035240_
  Pin:   mux_I.p10_I.tt_um_I.nano.core.i_registers.reg_access\[1\]\[0\]$_DFF_P_/D (sg13g2_dfrbp_1)
    Layer: Metal2
      Cumulative area ratio:  364.18
      Required ratio:  200.00 (Cumulative area) (VIOLATED)

    Layer: Metal3
      Cumulative area ratio:  365.24
      Required ratio:  200.00 (Cumulative area) (VIOLATED)



Net: _042778_
  Pin:   _214809_/B (sg13g2_nor3_1)
    Layer: Metal2
      Cumulative area ratio:  212.37
      Required ratio:  200.00 (Cumulative area) (VIOLATED)

    Layer: Metal3
      Cumulative area ratio:  253.23
      Required ratio:  200.00 (Cumulative area) (VIOLATED)



Net: _054947_
  Pin:   _213993_/A1 (sg13g2_o21ai_1)
    Layer: Metal3
      Cumulative area ratio:  265.30
      Required ratio:  200.00 (Cumulative area) (VIOLATED)



Net: _057954_
  Pin:   _215425_/B1 (sg13g2_a221oi_1)
    Layer: Metal2
      Cumulative area ratio:  218.35
      Required ratio:  200.00 (Cumulative area) (VIOLATED)

    Layer: Metal3
      Cumulative area ratio:  249.78
      Required ratio:  200.00 (Cumulative area) (VIOLATED)



Net: _059529_
  Pin:   fanout5375/A (sg13g2_buf_1)
    Layer: Metal2
      Cumulative area ratio:  204.14
      Required ratio:  200.00 (Cumulative area) (VIOLATED)

    Layer: Metal3
      Cumulative area ratio:  204.78
      Required ratio:  200.00 (Cumulative area) (VIOLATED)



Net: _059571_
  Pin:   fanout5328/A (sg13g2_buf_1)
    Layer: Metal4
      Cumulative area ratio:  202.24
      Required ratio:  200.00 (Cumulative area) (VIOLATED)



Net: _059599_
  Pin:   fanout5317/A (sg13g2_buf_2)
    Layer: Metal3
      Cumulative area ratio:  314.09
      Required ratio:  200.00 (Cumulative area) (VIOLATED)



Net: _059622_
  Pin:   fanout5303/A (sg13g2_buf_1)
    Layer: Metal2
      Cumulative area ratio:  550.29
      Required ratio:  200.00 (Cumulative area) (VIOLATED)

    Layer: Metal3
      Cumulative area ratio:  649.82
      Required ratio:  200.00 (Cumulative area) (VIOLATED)



Net: _059636_
  Pin:   fanout5290/A (sg13g2_buf_2)
    Layer: Metal2
      Cumulative area ratio:  415.18
      Required ratio:  200.00 (Cumulative area) (VIOLATED)

    Layer: Metal3
      Cumulative area ratio:  507.40
      Required ratio:  200.00 (Cumulative area) (VIOLATED)



Net: _059824_
  Pin:   fanout911/A (sg13g2_buf_4)
    Layer: Metal3
      Cumulative area ratio:  231.11
      Required ratio:  200.00 (Cumulative area) (VIOLATED)



Net: _060974_
  Pin:   fanout5195/A (sg13g2_buf_2)
    Layer: Metal3
      Cumulative area ratio:  221.12
      Required ratio:  200.00 (Cumulative area) (VIOLATED)


  Pin:   fanout5285/A (sg13g2_buf_2)
    Layer: Metal3
      Cumulative area ratio:  327.35
      Required ratio:  200.00 (Cumulative area) (VIOLATED)



Net: _061380_
  Pin:   fanout4683/A (sg13g2_buf_1)
    Layer: Metal2
      Cumulative area ratio:  223.69
      Required ratio:  200.00 (Cumulative area) (VIOLATED)

    Layer: Metal3
      Cumulative area ratio:  224.33
      Required ratio:  200.00 (Cumulative area) (VIOLATED)



Net: _064651_
  Pin:   mux_I.p19_I.tt_um_I.g0$_SDFF_PP0_/D (sg13g2_dfrbp_1)
    Layer: Metal3
      Cumulative area ratio:  298.33
      Required ratio:  200.00 (Cumulative area) (VIOLATED)



Net: _068179_
  Pin:   _155993_/B (sg13g2_nand2b_1)
    Layer: Metal3
      Cumulative area ratio:  241.64
      Required ratio:  200.00 (Cumulative area) (VIOLATED)



Net: _068930_
  Pin:   mux_I.p02_I.tt_um_I.simon1.score1.inc$_SDFF_PN0_/D (sg13g2_dfrbp_1)
    Layer: Metal2
      Cumulative area ratio:  237.99
      Required ratio:  200.00 (Cumulative area) (VIOLATED)

    Layer: Metal3
      Cumulative area ratio:  239.05
      Required ratio:  200.00 (Cumulative area) (VIOLATED)



Net: _069648_
  Pin:   hold1638/A (sg13g2_dlygate4sd3_1)
    Layer: Metal2
      Cumulative area ratio:  270.05
      Required ratio:  200.00 (Cumulative area) (VIOLATED)

    Layer: Metal3
      Cumulative area ratio:  291.50
      Required ratio:  200.00 (Cumulative area) (VIOLATED)



Net: _071745_
  Pin:   _159617_/B (sg13g2_and2_1)
    Layer: Metal3
      Cumulative area ratio:  208.16
      Required ratio:  200.00 (Cumulative area) (VIOLATED)



Net: _071765_
  Pin:   _159638_/B1 (sg13g2_a21o_1)
    Layer: Metal3
      Cumulative area ratio:  200.85
      Required ratio:  200.00 (Cumulative area) (VIOLATED)



Net: _071840_
  Pin:   _159713_/B (sg13g2_and2_1)
    Layer: Metal3
      Cumulative area ratio:  221.35
      Required ratio:  200.00 (Cumulative area) (VIOLATED)



Net: _074641_
  Pin:   fanout1950/A (sg13g2_buf_2)
    Layer: Metal2
      Cumulative area ratio:  200.09
      Required ratio:  200.00 (Cumulative area) (VIOLATED)

    Layer: Metal3
      Cumulative area ratio:  200.64
      Required ratio:  200.00 (Cumulative area) (VIOLATED)



Net: _074656_
  Pin:   fanout1930/A (sg13g2_buf_2)
    Layer: Metal3
      Cumulative area ratio:  205.70
      Required ratio:  200.00 (Cumulative area) (VIOLATED)



Net: _074668_
  Pin:   fanout1926/A (sg13g2_buf_2)
    Layer: Metal3
      Cumulative area ratio:  206.39
      Required ratio:  200.00 (Cumulative area) (VIOLATED)



Net: _074680_
  Pin:   fanout1911/A (sg13g2_buf_2)
    Layer: Metal2
      Cumulative area ratio:  234.67
      Required ratio:  200.00 (Cumulative area) (VIOLATED)

    Layer: Metal3
      Cumulative area ratio:  255.83
      Required ratio:  200.00 (Cumulative area) (VIOLATED)

    Layer: Metal4
      Cumulative area ratio:  256.11
      Required ratio:  200.00 (Cumulative area) (VIOLATED)

    Layer: Metal5
      Cumulative area ratio:  323.83
      Required ratio:  200.00 (Cumulative area) (VIOLATED)


  Pin:   fanout1915/A (sg13g2_buf_2)
    Layer: Metal5
      Cumulative area ratio:  201.11
      Required ratio:  200.00 (Cumulative area) (VIOLATED)



Net: _074692_
  Pin:   fanout1897/A (sg13g2_buf_2)
    Layer: Metal3
      Cumulative area ratio:  245.27
      Required ratio:  200.00 (Cumulative area) (VIOLATED)


  Pin:   fanout1900/A (sg13g2_buf_1)
    Layer: Metal2
      Cumulative area ratio:  342.58
      Required ratio:  200.00 (Cumulative area) (VIOLATED)

    Layer: Metal3
      Cumulative area ratio:  464.11
      Required ratio:  200.00 (Cumulative area) (VIOLATED)


  Pin:   fanout1905/A (sg13g2_buf_2)
    Layer: Metal3
      Cumulative area ratio:  206.49
      Required ratio:  200.00 (Cumulative area) (VIOLATED)



Net: _074709_
  Pin:   fanout1887/A (sg13g2_buf_2)
    Layer: Metal3
      Cumulative area ratio:  209.13
      Required ratio:  200.00 (Cumulative area) (VIOLATED)


  Pin:   fanout1890/A (sg13g2_buf_1)
    Layer: Metal2
      Cumulative area ratio:  376.26
      Required ratio:  200.00 (Cumulative area) (VIOLATED)

    Layer: Metal3
      Cumulative area ratio:  495.42
      Required ratio:  200.00 (Cumulative area) (VIOLATED)


  Pin:   fanout1894/A (sg13g2_buf_2)
    Layer: Metal3
      Cumulative area ratio:  275.32
      Required ratio:  200.00 (Cumulative area) (VIOLATED)



Net: _074725_
  Pin:   fanout2391/A (sg13g2_buf_2)
    Layer: Metal3
      Cumulative area ratio:  325.91
      Required ratio:  200.00 (Cumulative area) (VIOLATED)



Net: _074736_
  Pin:   fanout1880/A (sg13g2_buf_1)
    Layer: Metal3
      Cumulative area ratio:  434.45
      Required ratio:  200.00 (Cumulative area) (VIOLATED)

    Layer: Metal4
      Cumulative area ratio:  502.50
      Required ratio:  200.00 (Cumulative area) (VIOLATED)



Net: _074746_
  Pin:   _163487_/A2 (sg13g2_a21oi_1)
    Layer: Metal2
      Cumulative area ratio:  335.16
      Required ratio:  200.00 (Cumulative area) (VIOLATED)

    Layer: Metal3
      Cumulative area ratio:  383.14
      Required ratio:  200.00 (Cumulative area) (VIOLATED)



Net: _082275_
  Pin:   fanout1847/A (sg13g2_buf_2)
    Layer: Metal3
      Cumulative area ratio:  249.94
      Required ratio:  200.00 (Cumulative area) (VIOLATED)



Net: _085723_
  Pin:   _174771_/A2 (sg13g2_a22oi_1)
    Layer: Metal3
      Cumulative area ratio:  224.82
      Required ratio:  200.00 (Cumulative area) (VIOLATED)



Net: _086008_
  Pin:   fanout1822/A (sg13g2_buf_2)
    Layer: Metal3
      Cumulative area ratio:  259.53
      Required ratio:  200.00 (Cumulative area) (VIOLATED)



Net: _086035_
  Pin:   fanout1556/A (sg13g2_buf_1)
    Layer: Metal2
      Cumulative area ratio:  226.34
      Required ratio:  200.00 (Cumulative area) (VIOLATED)

    Layer: Metal3
      Cumulative area ratio:  246.95
      Required ratio:  200.00 (Cumulative area) (VIOLATED)

    Layer: Metal4
      Cumulative area ratio:  247.11
      Required ratio:  200.00 (Cumulative area) (VIOLATED)

    Layer: Metal5
      Cumulative area ratio:  321.63
      Required ratio:  200.00 (Cumulative area) (VIOLATED)



Net: _088723_
  Pin:   fanout2317/A (sg13g2_buf_1)
    Layer: Metal2
      Cumulative area ratio:  233.93
      Required ratio:  200.00 (Cumulative area) (VIOLATED)

    Layer: Metal3
      Cumulative area ratio:  258.74
      Required ratio:  200.00 (Cumulative area) (VIOLATED)



Net: _088738_
  Pin:   fanout1535/A (sg13g2_buf_2)
    Layer: Metal3
      Cumulative area ratio:  209.27
      Required ratio:  200.00 (Cumulative area) (VIOLATED)



Net: _092122_
  Pin:   _214861_/A1 (sg13g2_a22oi_1)
    Layer: Metal2
      Cumulative area ratio:  252.41
      Required ratio:  200.00 (Cumulative area) (VIOLATED)

    Layer: Metal3
      Cumulative area ratio:  270.80
      Required ratio:  200.00 (Cumulative area) (VIOLATED)



Net: _092330_
  Pin:   mux_I.p21_I.tt_um_I.game.vga_hsync$_SDFF_PN1_/D (sg13g2_dfrbp_1)
    Layer: Metal3
      Cumulative area ratio:  307.29
      Required ratio:  200.00 (Cumulative area) (VIOLATED)



Net: _097356_
  Pin:   _194382_/C (sg13g2_nand3_1)
    Layer: Metal2
      Cumulative area ratio:  252.50
      Required ratio:  200.00 (Cumulative area) (VIOLATED)

    Layer: Metal3
      Cumulative area ratio:  336.22
      Required ratio:  200.00 (Cumulative area) (VIOLATED)



Net: net13672
  Pin:   _213945_/C (sg13g2_nand3b_1)
    Layer: Metal5
      Cumulative area ratio:  521.75
      Required ratio:  200.00 (Cumulative area) (VIOLATED)



Net: net13691
  Pin:   fanout5478/A (sg13g2_buf_4)
    Layer: Metal3
      Cumulative area ratio:  210.26
      Required ratio:  200.00 (Cumulative area) (VIOLATED)



Net: net13660
  Pin:   hold1634/A (sg13g2_dlygate4sd2_1)
    Layer: Metal3
      Cumulative area ratio:  219.41
      Required ratio:  200.00 (Cumulative area) (VIOLATED)



Net: net13638
  Pin:   hold1623/A (sg13g2_dlygate4sd3_1)
    Layer: Metal3
      Cumulative area ratio:  214.25
      Required ratio:  200.00 (Cumulative area) (VIOLATED)



Net: net13626
  Pin:   hold1669/A (sg13g2_dlygate4sd2_1)
    Layer: Metal3
      Cumulative area ratio:  222.04
      Required ratio:  200.00 (Cumulative area) (VIOLATED)



Net: net13620
  Pin:   hold1659/A (sg13g2_dlygate4sd3_1)
    Layer: Metal3
      Cumulative area ratio:  203.90
      Required ratio:  200.00 (Cumulative area) (VIOLATED)



Net: net13610
  Pin:   hold1653/A (sg13g2_dlygate4sd3_1)
    Layer: Metal3
      Cumulative area ratio:  204.64
      Required ratio:  200.00 (Cumulative area) (VIOLATED)



Net: net13606
  Pin:   hold1640/A (sg13g2_dlygate4sd3_1)
    Layer: Metal3
      Cumulative area ratio:  203.98
      Required ratio:  200.00 (Cumulative area) (VIOLATED)



Net: _098793_
  Pin:   _189433_/B (sg13g2_or2_1)
    Layer: Metal2
      Cumulative area ratio:  240.00
      Required ratio:  200.00 (Cumulative area) (VIOLATED)

    Layer: Metal3
      Cumulative area ratio:  260.96
      Required ratio:  200.00 (Cumulative area) (VIOLATED)



Net: clknet_level_0_3_215_clk
  Pin:   _213898_/A (sg13g2_and2_1)
    Layer: Metal3
      Cumulative area ratio:  201.50
      Required ratio:  200.00 (Cumulative area) (VIOLATED)



Net: clknet_level_1_2_214_clk
  Pin:   _210150_/A (sg13g2_and2_1)
    Layer: Metal2
      Cumulative area ratio:  337.32
      Required ratio:  200.00 (Cumulative area) (VIOLATED)

    Layer: Metal3
      Cumulative area ratio:  395.03
      Required ratio:  200.00 (Cumulative area) (VIOLATED)



Net: clknet_level_0_3_17_clk
  Pin:   clkload1/A (sg13g2_buf_4)
    Layer: Metal2
      Cumulative area ratio:  465.39
      Required ratio:  200.00 (Cumulative area) (VIOLATED)

    Layer: Metal3
      Cumulative area ratio:  495.16
      Required ratio:  200.00 (Cumulative area) (VIOLATED)



Net: clknet_1_1__leaf_clk
  Pin:   _213902_/A (sg13g2_and2_1)
    Layer: Metal2
      Cumulative area ratio:  370.60
      Required ratio:  200.00 (Cumulative area) (VIOLATED)

    Layer: Metal3
      Cumulative area ratio:  376.74
      Required ratio:  200.00 (Cumulative area) (VIOLATED)



Net: _100799_
  Pin:   _203639_/A (sg13g2_nor2_1)
    Layer: Metal2
      Cumulative area ratio:  206.48
      Required ratio:  200.00 (Cumulative area) (VIOLATED)

    Layer: Metal3
      Cumulative area ratio:  241.13
      Required ratio:  200.00 (Cumulative area) (VIOLATED)



Net: _101649_
  Pin:   _205782_/B2 (sg13g2_a221oi_1)
    Layer: Metal3
      Cumulative area ratio:  243.12
      Required ratio:  200.00 (Cumulative area) (VIOLATED)



Net: mux_I.p08_I.tt_um_I.rbzero.pov.spi_done
  Pin:   fanout2867/A (sg13g2_buf_1)
    Layer: Metal2
      Cumulative area ratio:  246.47
      Required ratio:  200.00 (Cumulative area) (VIOLATED)

    Layer: Metal3
      Cumulative area ratio:  251.14
      Required ratio:  200.00 (Cumulative area) (VIOLATED)



Net: mux_I.p08_I.tt_um_I.rbzero.wall_tracer.visualWallDist\[-8\]
  Pin:   _206474_/A (sg13g2_nor2_1)
    Layer: Metal3
      Cumulative area ratio:  200.24
      Required ratio:  200.00 (Cumulative area) (VIOLATED)



Net: mux_I.p09_I.tt_um_I.breakout.btn_select_pin
  Pin:   mux_I.p09_I.tt_um_I.breakout.btn_select_sync.reg1$_DFF_PN0_/D (sg13g2_dfrbp_1)
    Layer: Metal3
      Cumulative area ratio:  211.52
      Required ratio:  200.00 (Cumulative area) (VIOLATED)



Net: mux_I.p09_I.tt_um_I.breakout.mosi_sync.reg1
  Pin:   mux_I.p09_I.tt_um_I.breakout.mosi$_DFF_PN0_/D (sg13g2_dfrbp_1)
    Layer: Metal3
      Cumulative area ratio:  273.50
      Required ratio:  200.00 (Cumulative area) (VIOLATED)



Net: mux_I.p09_I.tt_um_I.breakout.sck_sync.reg1
  Pin:   mux_I.p09_I.tt_um_I.breakout.sck$_DFF_PN0_/D (sg13g2_dfrbp_1)
    Layer: Metal3
      Cumulative area ratio:  258.11
      Required ratio:  200.00 (Cumulative area) (VIOLATED)



Net: mux_I.p09_I.tt_um_I.breakout.ss_pin
  Pin:   mux_I.p09_I.tt_um_I.breakout.ss_sync.reg1$_DFF_PN0_/D (sg13g2_dfrbp_1)
    Layer: Metal3
      Cumulative area ratio:  280.86
      Required ratio:  200.00 (Cumulative area) (VIOLATED)



Net: mux_I.p09_I.tt_um_I.breakout.vga_hsync
  Pin:   _214810_/B2 (sg13g2_a221oi_1)
    Layer: Metal2
      Cumulative area ratio:  200.78
      Required ratio:  200.00 (Cumulative area) (VIOLATED)

    Layer: Metal3
      Cumulative area ratio:  290.91
      Required ratio:  200.00 (Cumulative area) (VIOLATED)



Net: mux_I.p10_I.ow\[14\]
  Pin:   _214453_/A1 (sg13g2_a221oi_1)
    Layer: Metal3
      Cumulative area ratio:  203.59
      Required ratio:  200.00 (Cumulative area) (VIOLATED)



Net: mux_I.p10_I.ow\[8\]
  Pin:   _213995_/A1 (sg13g2_a221oi_1)
    Layer: Metal3
      Cumulative area ratio:  205.26
      Required ratio:  200.00 (Cumulative area) (VIOLATED)



Net: mux_I.p11_I.tt_um_I.u_usb_cdc.dn_rx_i
  Pin:   mux_I.p11_I.tt_um_I.u_usb_cdc.u_sie.u_phy_rx.dn_q\[2\]$_DFF_PN0_/D (sg13g2_dfrbp_1)
    Layer: Metal3
      Cumulative area ratio:  696.68
      Required ratio:  200.00 (Cumulative area) (VIOLATED)



Net: mux_I.p11_I.tt_um_I.u_usb_cdc.dp_pu_o
  Pin:   _214453_/B2 (sg13g2_a221oi_1)
    Layer: Metal3
      Cumulative area ratio:  215.58
      Required ratio:  200.00 (Cumulative area) (VIOLATED)



Net: mux_I.p11_I.tt_um_I.u_usb_cdc.dp_rx_i
  Pin:   mux_I.p11_I.tt_um_I.u_usb_cdc.u_sie.u_phy_rx.dp_q\[2\]$_DFF_PN0_/D (sg13g2_dfrbp_1)
    Layer: Metal3
      Cumulative area ratio:  564.60
      Required ratio:  200.00 (Cumulative area) (VIOLATED)



Net: mux_I.p17_I.tt_um_I.speaker
  Pin:   _213992_/A (sg13g2_nand2_1)
    Layer: Metal2
      Cumulative area ratio:  307.52
      Required ratio:  200.00 (Cumulative area) (VIOLATED)

    Layer: Metal3
      Cumulative area ratio:  312.00
      Required ratio:  200.00 (Cumulative area) (VIOLATED)



Net: mux_I.p18_I.tt_um_I.spi_mosi
  Pin:   mux_I.p18_I.tt_um_I.top_inst.spi_receiver_inst.synchronizer_spi_mosi.pipe\[0\]$_DFF_PN0_/D (sg13g2_dfrbp_1)
    Layer: Metal2
      Cumulative area ratio:  333.22
      Required ratio:  200.00 (Cumulative area) (VIOLATED)

    Layer: Metal3
      Cumulative area ratio:  348.16
      Required ratio:  200.00 (Cumulative area) (VIOLATED)



Net: mux_I.p20_I.ow\[3\]
  Pin:   _184490_/B1 (sg13g2_o21ai_1)
    Layer: Metal3
      Cumulative area ratio:  209.51
      Required ratio:  200.00 (Cumulative area) (VIOLATED)



Net: mux_I.p21_I.tt_um_I.game.vga_hsync
  Pin:   _215877_/B2 (sg13g2_a221oi_1)
    Layer: Metal2
      Cumulative area ratio:  425.17
      Required ratio:  200.00 (Cumulative area) (VIOLATED)

    Layer: Metal3
      Cumulative area ratio:  443.83
      Required ratio:  200.00 (Cumulative area) (VIOLATED)



Net: mux_I.p21_I.tt_um_I.game.vga_inst.vsync
  Pin:   _215425_/B2 (sg13g2_a221oi_1)
    Layer: Metal2
      Cumulative area ratio:  352.81
      Required ratio:  200.00 (Cumulative area) (VIOLATED)

    Layer: Metal3
      Cumulative area ratio:  403.98
      Required ratio:  200.00 (Cumulative area) (VIOLATED)



Net: mux_I.p22_I.tt_um_I.shapi.beginProcessingDataBlock
  Pin:   _147888_/B1 (sg13g2_a21oi_1)
    Layer: Metal2
      Cumulative area ratio:  236.28
      Required ratio:  200.00 (Cumulative area) (VIOLATED)

    Layer: Metal3
      Cumulative area ratio:  294.79
      Required ratio:  200.00 (Cumulative area) (VIOLATED)



Net: mux_I.p22_I.tt_um_I.shapi.blockproc.bp_a\[7\]
  Pin:   _181287_/A (sg13g2_inv_1)
    Layer: Metal3
      Cumulative area ratio:  200.00
      Required ratio:  200.00 (Cumulative area) (VIOLATED)



Net: mux_I.p22_I.tt_um_I.shapi.blockproc.hbuf6\[19\]
  Pin:   _175586_/A (sg13g2_and2_1)
    Layer: Metal2
      Cumulative area ratio:  223.89
      Required ratio:  200.00 (Cumulative area) (VIOLATED)

    Layer: Metal3
      Cumulative area ratio:  240.48
      Required ratio:  200.00 (Cumulative area) (VIOLATED)



Net: mux_I.p22_I.tt_um_I.shapi.blockproc.hbuf6\[6\]
  Pin:   _175462_/A (sg13g2_and2_1)
    Layer: Metal3
      Cumulative area ratio:  206.28
      Required ratio:  200.00 (Cumulative area) (VIOLATED)



Net: mux_I.p22_I.tt_um_I.shapi.blockproc.hbuf7\[7\]
  Pin:   _175154_/A (sg13g2_and2_1)
    Layer: Metal2
      Cumulative area ratio:  227.32
      Required ratio:  200.00 (Cumulative area) (VIOLATED)

    Layer: Metal3
      Cumulative area ratio:  233.75
      Required ratio:  200.00 (Cumulative area) (VIOLATED)



Net: mux_I.p22_I.tt_um_I.shapi.busy
  Pin:   _147912_/B2 (sg13g2_a22oi_1)
    Layer: Metal3
      Cumulative area ratio:  202.79
      Required ratio:  200.00 (Cumulative area) (VIOLATED)


  Pin:   _214128_/B2 (sg13g2_a221oi_1)
    Layer: Metal3
      Cumulative area ratio:  204.00
      Required ratio:  200.00 (Cumulative area) (VIOLATED)



Net: mux_I.p22_I.tt_um_I.shapi.resultbyteOut\[1\]
  Pin:   _215121_/A1 (sg13g2_a221oi_1)
    Layer: Metal2
      Cumulative area ratio:  337.20
      Required ratio:  200.00 (Cumulative area) (VIOLATED)

    Layer: Metal3
      Cumulative area ratio:  343.95
      Required ratio:  200.00 (Cumulative area) (VIOLATED)



Net: mux_I.p22_I.tt_um_I.shapi.resultbyteOut\[2\]
  Pin:   _215299_/B2 (sg13g2_a221oi_1)
    Layer: Metal2
      Cumulative area ratio:  395.02
      Required ratio:  200.00 (Cumulative area) (VIOLATED)

    Layer: Metal3
      Cumulative area ratio:  401.77
      Required ratio:  200.00 (Cumulative area) (VIOLATED)



Net: mux_I.p22_I.tt_um_I.shapi.resultbyteOut\[5\]
  Pin:   _215718_/A (sg13g2_nand2_1)
    Layer: Metal2
      Cumulative area ratio:  318.09
      Required ratio:  200.00 (Cumulative area) (VIOLATED)

    Layer: Metal3
      Cumulative area ratio:  318.57
      Required ratio:  200.00 (Cumulative area) (VIOLATED)



Net: mux_I.p22_I.tt_um_I.shapi.resultbyteOut\[6\]
  Pin:   _215789_/B2 (sg13g2_a221oi_1)
    Layer: Metal2
      Cumulative area ratio:  320.98
      Required ratio:  200.00 (Cumulative area) (VIOLATED)

    Layer: Metal3
      Cumulative area ratio:  321.46
      Required ratio:  200.00 (Cumulative area) (VIOLATED)



Net: mux_I.p22_I.tt_um_I.shapi.resultbyteOut\[7\]
  Pin:   _215870_/B2 (sg13g2_a221oi_1)
    Layer: Metal2
      Cumulative area ratio:  307.94
      Required ratio:  200.00 (Cumulative area) (VIOLATED)

    Layer: Metal3
      Cumulative area ratio:  314.69
      Required ratio:  200.00 (Cumulative area) (VIOLATED)



